[2020-07-31 00:01:10.644] INFO [restartedMain] StartupInfoLogger.java:55 - Starting DemoApplication on DESKTOP-4EEKV8L with PID 25180 (E:\gitRepo\CodeBin\java\spring\demo\target\classes started by 20666 in E:\gitRepo\CodeBin\java\spring\demo)
[2020-07-31 00:01:10.652] INFO [restartedMain] SpringApplication.java:651 - No active profile set, falling back to default profiles: default
[2020-07-31 00:01:10.732] INFO [restartedMain] DeferredLog.java:225 - Devtools property defaults active! Set 'spring.devtools.add-properties' to 'false' to disable
[2020-07-31 00:01:10.732] INFO [restartedMain] DeferredLog.java:225 - For additional web related logging consider setting the 'logging.level.web' property to 'DEBUG'
[2020-07-31 00:01:12.673] INFO [restartedMain] RepositoryConfigurationDelegate.java:127 - Bootstrapping Spring Data JPA repositories in DEFERRED mode.
[2020-07-31 00:01:12.827] INFO [restartedMain] RepositoryConfigurationDelegate.java:187 - Finished Spring Data repository scanning in 137ms. Found 3 JPA repository interfaces.
[2020-07-31 00:01:13.523] INFO [restartedMain] PostProcessorRegistrationDelegate.java:335 - Bean 'org.springframework.security.access.expression.method.DefaultMethodSecurityExpressionHandler@755b82' of type [org.springframework.security.access.expression.method.DefaultMethodSecurityExpressionHandler] is not eligible for getting processed by all BeanPostProcessors (for example: not eligible for auto-proxying)
[2020-07-31 00:01:13.534] INFO [restartedMain] PostProcessorRegistrationDelegate.java:335 - Bean 'methodSecurityMetadataSource' of type [org.springframework.security.access.method.DelegatingMethodSecurityMetadataSource] is not eligible for getting processed by all BeanPostProcessors (for example: not eligible for auto-proxying)
[2020-07-31 00:01:14.220] INFO [restartedMain] TomcatWebServer.java:108 - Tomcat initialized with port(s): 8080 (http)
[2020-07-31 00:01:14.240] INFO [restartedMain] DirectJDKLog.java:173 - Initializing ProtocolHandler ["http-nio-8080"]
[2020-07-31 00:01:14.241] INFO [restartedMain] DirectJDKLog.java:173 - Starting service [Tomcat]
[2020-07-31 00:01:14.242] INFO [restartedMain] DirectJDKLog.java:173 - Starting Servlet engine: [Apache Tomcat/9.0.36]
[2020-07-31 00:01:14.445] INFO [restartedMain] DirectJDKLog.java:173 - Initializing Spring embedded WebApplicationContext
[2020-07-31 00:01:14.446] INFO [restartedMain] ServletWebServerApplicationContext.java:285 - Root WebApplicationContext: initialization completed in 3713 ms
[2020-07-31 00:01:14.662] INFO [restartedMain] DruidDataSourceAutoConfigure.java:56 - Init DruidDataSource
[2020-07-31 00:01:15.479] INFO [restartedMain] DruidDataSource.java:930 - {dataSource-1} inited
[2020-07-31 00:01:15.664] INFO [restartedMain] ExecutorConfigurationSupport.java:181 - Initializing ExecutorService 'applicationTaskExecutor'
[2020-07-31 00:01:15.737] INFO [task-1] LogHelper.java:31 - HHH000204: Processing PersistenceUnitInfo [name: default]
[2020-07-31 00:01:15.841] INFO [task-1] Version.java:44 - HHH000412: Hibernate ORM core version 5.4.17.Final
[2020-07-31 00:01:16.112] INFO [task-1] JavaReflectionManager.java:49 - HCANN000001: Hibernate Commons Annotations {5.1.0.Final}
[2020-07-31 00:01:16.354] INFO [task-1] Dialect.java:172 - HHH000400: Using dialect: org.hibernate.dialect.MySQL5InnoDBDialect
[2020-07-31 00:01:17.552] INFO [task-1] JtaPlatformInitiator.java:52 - HHH000490: Using JtaPlatform implementation: [org.hibernate.engine.transaction.jta.platform.internal.NoJtaPlatform]
[2020-07-31 00:01:17.566] INFO [task-1] AbstractEntityManagerFactoryBean.java:416 - Initialized JPA EntityManagerFactory for persistence unit 'default'
[2020-07-31 00:01:18.627] INFO [task-2] OptionalLiveReloadServer.java:58 - LiveReload server is running on port 35729
[2020-07-31 00:01:19.322] INFO [restartedMain] PropertySourcedRequestMappingHandlerMapping.java:69 - Mapped URL path [/v2/api-docs] onto method [springfox.documentation.swagger2.web.Swagger2Controller#getDocumentation(String, HttpServletRequest)]
[2020-07-31 00:01:19.592] INFO [restartedMain] DefaultSecurityFilterChain.java:43 - Creating filter chain: Ant [pattern='/login'], []
[2020-07-31 00:01:19.593] INFO [restartedMain] DefaultSecurityFilterChain.java:43 - Creating filter chain: Ant [pattern='/checkVerifyCode'], []
[2020-07-31 00:01:19.594] INFO [restartedMain] DefaultSecurityFilterChain.java:43 - Creating filter chain: Ant [pattern='/'], []
[2020-07-31 00:01:19.594] INFO [restartedMain] DefaultSecurityFilterChain.java:43 - Creating filter chain: Ant [pattern='/woo/user/register'], []
[2020-07-31 00:01:19.595] INFO [restartedMain] DefaultSecurityFilterChain.java:43 - Creating filter chain: Ant [pattern='/v2/**'], []
[2020-07-31 00:01:19.595] INFO [restartedMain] DefaultSecurityFilterChain.java:43 - Creating filter chain: Ant [pattern='/configuration/ui'], []
[2020-07-31 00:01:19.596] INFO [restartedMain] DefaultSecurityFilterChain.java:43 - Creating filter chain: Ant [pattern='/swagger-resources/**'], []
[2020-07-31 00:01:19.597] INFO [restartedMain] DefaultSecurityFilterChain.java:43 - Creating filter chain: Ant [pattern='/configuration/security'], []
[2020-07-31 00:01:19.597] INFO [restartedMain] DefaultSecurityFilterChain.java:43 - Creating filter chain: Ant [pattern='/swagger-ui.html'], []
[2020-07-31 00:01:19.597] INFO [restartedMain] DefaultSecurityFilterChain.java:43 - Creating filter chain: Ant [pattern='/webjars/**'], []
[2020-07-31 00:01:19.598] INFO [restartedMain] DefaultSecurityFilterChain.java:43 - Creating filter chain: Ant [pattern='/doc.html'], []
[2020-07-31 00:01:19.598] INFO [restartedMain] DefaultSecurityFilterChain.java:43 - Creating filter chain: Ant [pattern='/user/add'], []
[2020-07-31 00:01:19.721] INFO [restartedMain] DefaultSecurityFilterChain.java:43 - Creating filter chain: any request, [org.springframework.security.web.context.request.async.WebAsyncManagerIntegrationFilter@da0897, org.springframework.security.web.context.SecurityContextPersistenceFilter@1e53712, org.springframework.security.web.header.HeaderWriterFilter@f0c6d, org.springframework.security.web.authentication.logout.LogoutFilter@7ebc69, org.springframework.security.web.authentication.UsernamePasswordAuthenticationFilter@135357a, org.springframework.security.web.savedrequest.RequestCacheAwareFilter@1a38b4b, org.springframework.security.web.servletapi.SecurityContextHolderAwareRequestFilter@14c2c2d, org.springframework.security.web.authentication.AnonymousAuthenticationFilter@6513fc, org.springframework.security.web.session.SessionManagementFilter@18f4eb4, org.springframework.security.web.access.ExceptionTranslationFilter@1b806bc, org.springframework.security.web.access.intercept.FilterSecurityInterceptor@1b99864]
[2020-07-31 00:01:20.391] INFO [restartedMain] DirectJDKLog.java:173 - Starting ProtocolHandler ["http-nio-8080"]
[2020-07-31 00:01:20.432] INFO [restartedMain] TomcatWebServer.java:220 - Tomcat started on port(s): 8080 (http) with context path ''
[2020-07-31 00:01:20.434] INFO [restartedMain] DocumentationPluginsBootstrapper.java:160 - Context refreshed
[2020-07-31 00:01:20.477] INFO [restartedMain] DocumentationPluginsBootstrapper.java:163 - Found 1 custom documentation plugin(s)
[2020-07-31 00:01:20.529] INFO [restartedMain] ApiListingReferenceScanner.java:41 - Scanning for api listing references
[2020-07-31 00:01:20.822] INFO [restartedMain] DeferredRepositoryInitializationListener.java:49 - Triggering deferred initialization of Spring Data repositories…
[2020-07-31 00:01:20.912] INFO [restartedMain] DeferredRepositoryInitializationListener.java:53 - Spring Data repositories initialized!
[2020-07-31 00:01:20.936] INFO [restartedMain] StartupInfoLogger.java:61 - Started DemoApplication in 11.272 seconds (JVM running for 13.015)
[2020-07-31 00:01:32.963] INFO [http-nio-8080-exec-1] DirectJDKLog.java:173 - Initializing Spring DispatcherServlet 'dispatcherServlet'
[2020-07-31 00:01:32.963] INFO [http-nio-8080-exec-1] FrameworkServlet.java:525 - Initializing Servlet 'dispatcherServlet'
[2020-07-31 00:01:32.981] INFO [http-nio-8080-exec-1] FrameworkServlet.java:547 - Completed initialization in 17 ms
[2020-07-31 00:02:34.052] INFO [restartedMain] StartupInfoLogger.java:55 - Starting DemoApplication on DESKTOP-4EEKV8L with PID 12496 (E:\gitRepo\CodeBin\java\spring\demo\target\classes started by 20666 in E:\gitRepo\CodeBin\java\spring\demo)
[2020-07-31 00:02:34.059] INFO [restartedMain] SpringApplication.java:651 - No active profile set, falling back to default profiles: default
[2020-07-31 00:02:34.190] INFO [restartedMain] DeferredLog.java:225 - Devtools property defaults active! Set 'spring.devtools.add-properties' to 'false' to disable
[2020-07-31 00:02:34.191] INFO [restartedMain] DeferredLog.java:225 - For additional web related logging consider setting the 'logging.level.web' property to 'DEBUG'
[2020-07-31 00:02:36.679] INFO [restartedMain] RepositoryConfigurationDelegate.java:127 - Bootstrapping Spring Data JPA repositories in DEFERRED mode.
[2020-07-31 00:02:36.870] INFO [restartedMain] RepositoryConfigurationDelegate.java:187 - Finished Spring Data repository scanning in 168ms. Found 3 JPA repository interfaces.
[2020-07-31 00:02:37.801] INFO [restartedMain] PostProcessorRegistrationDelegate.java:335 - Bean 'org.springframework.security.access.expression.method.DefaultMethodSecurityExpressionHandler@57b3cb' of type [org.springframework.security.access.expression.method.DefaultMethodSecurityExpressionHandler] is not eligible for getting processed by all BeanPostProcessors (for example: not eligible for auto-proxying)
[2020-07-31 00:02:37.815] INFO [restartedMain] PostProcessorRegistrationDelegate.java:335 - Bean 'methodSecurityMetadataSource' of type [org.springframework.security.access.method.DelegatingMethodSecurityMetadataSource] is not eligible for getting processed by all BeanPostProcessors (for example: not eligible for auto-proxying)
[2020-07-31 00:02:38.626] INFO [restartedMain] TomcatWebServer.java:108 - Tomcat initialized with port(s): 8080 (http)
[2020-07-31 00:02:38.657] INFO [restartedMain] DirectJDKLog.java:173 - Initializing ProtocolHandler ["http-nio-8080"]
[2020-07-31 00:02:38.658] INFO [restartedMain] DirectJDKLog.java:173 - Starting service [Tomcat]
[2020-07-31 00:02:38.659] INFO [restartedMain] DirectJDKLog.java:173 - Starting Servlet engine: [Apache Tomcat/9.0.36]
[2020-07-31 00:02:38.912] INFO [restartedMain] DirectJDKLog.java:173 - Initializing Spring embedded WebApplicationContext
[2020-07-31 00:02:38.914] INFO [restartedMain] ServletWebServerApplicationContext.java:285 - Root WebApplicationContext: initialization completed in 4723 ms
[2020-07-31 00:02:39.185] INFO [restartedMain] DruidDataSourceAutoConfigure.java:56 - Init DruidDataSource
[2020-07-31 00:02:40.068] INFO [restartedMain] DruidDataSource.java:930 - {dataSource-1} inited
[2020-07-31 00:02:40.268] INFO [restartedMain] ExecutorConfigurationSupport.java:181 - Initializing ExecutorService 'applicationTaskExecutor'
[2020-07-31 00:02:40.384] INFO [task-1] LogHelper.java:31 - HHH000204: Processing PersistenceUnitInfo [name: default]
[2020-07-31 00:02:40.556] INFO [task-1] Version.java:44 - HHH000412: Hibernate ORM core version 5.4.17.Final
[2020-07-31 00:02:40.929] INFO [task-1] JavaReflectionManager.java:49 - HCANN000001: Hibernate Commons Annotations {5.1.0.Final}
[2020-07-31 00:02:41.275] INFO [task-1] Dialect.java:172 - HHH000400: Using dialect: org.hibernate.dialect.MySQL5InnoDBDialect
[2020-07-31 00:02:42.998] INFO [task-1] JtaPlatformInitiator.java:52 - HHH000490: Using JtaPlatform implementation: [org.hibernate.engine.transaction.jta.platform.internal.NoJtaPlatform]
[2020-07-31 00:02:43.019] INFO [task-1] AbstractEntityManagerFactoryBean.java:416 - Initialized JPA EntityManagerFactory for persistence unit 'default'
[2020-07-31 00:02:44.470] INFO [task-2] OptionalLiveReloadServer.java:58 - LiveReload server is running on port 35729
[2020-07-31 00:02:45.339] INFO [restartedMain] PropertySourcedRequestMappingHandlerMapping.java:69 - Mapped URL path [/v2/api-docs] onto method [springfox.documentation.swagger2.web.Swagger2Controller#getDocumentation(String, HttpServletRequest)]
[2020-07-31 00:02:45.629] INFO [restartedMain] DefaultSecurityFilterChain.java:43 - Creating filter chain: Ant [pattern='/login'], []
[2020-07-31 00:02:45.629] INFO [restartedMain] DefaultSecurityFilterChain.java:43 - Creating filter chain: Ant [pattern='/checkVerifyCode'], []
[2020-07-31 00:02:45.630] INFO [restartedMain] DefaultSecurityFilterChain.java:43 - Creating filter chain: Ant [pattern='/'], []
[2020-07-31 00:02:45.630] INFO [restartedMain] DefaultSecurityFilterChain.java:43 - Creating filter chain: Ant [pattern='/woo/user/register'], []
[2020-07-31 00:02:45.630] INFO [restartedMain] DefaultSecurityFilterChain.java:43 - Creating filter chain: Ant [pattern='/v2/**'], []
[2020-07-31 00:02:45.631] INFO [restartedMain] DefaultSecurityFilterChain.java:43 - Creating filter chain: Ant [pattern='/configuration/ui'], []
[2020-07-31 00:02:45.631] INFO [restartedMain] DefaultSecurityFilterChain.java:43 - Creating filter chain: Ant [pattern='/swagger-resources/**'], []
[2020-07-31 00:02:45.631] INFO [restartedMain] DefaultSecurityFilterChain.java:43 - Creating filter chain: Ant [pattern='/configuration/security'], []
[2020-07-31 00:02:45.632] INFO [restartedMain] DefaultSecurityFilterChain.java:43 - Creating filter chain: Ant [pattern='/swagger-ui.html'], []
[2020-07-31 00:02:45.632] INFO [restartedMain] DefaultSecurityFilterChain.java:43 - Creating filter chain: Ant [pattern='/webjars/**'], []
[2020-07-31 00:02:45.633] INFO [restartedMain] DefaultSecurityFilterChain.java:43 - Creating filter chain: Ant [pattern='/doc.html'], []
[2020-07-31 00:02:45.633] INFO [restartedMain] DefaultSecurityFilterChain.java:43 - Creating filter chain: Ant [pattern='/user/add'], []
[2020-07-31 00:02:45.767] INFO [restartedMain] DefaultSecurityFilterChain.java:43 - Creating filter chain: any request, [org.springframework.security.web.context.request.async.WebAsyncManagerIntegrationFilter@53cb4a, org.springframework.security.web.context.SecurityContextPersistenceFilter@117b9b4, org.springframework.security.web.header.HeaderWriterFilter@1962d67, org.springframework.security.web.authentication.logout.LogoutFilter@1e65563, org.springframework.security.web.authentication.UsernamePasswordAuthenticationFilter@189a8e, org.springframework.security.web.savedrequest.RequestCacheAwareFilter@14cdbd9, org.springframework.security.web.servletapi.SecurityContextHolderAwareRequestFilter@1317573, org.springframework.security.web.authentication.AnonymousAuthenticationFilter@a8e9c8, org.springframework.security.web.session.SessionManagementFilter@889796, org.springframework.security.web.access.ExceptionTranslationFilter@81bf4, org.springframework.security.web.access.intercept.FilterSecurityInterceptor@cec718]
[2020-07-31 00:02:46.577] INFO [restartedMain] DirectJDKLog.java:173 - Starting ProtocolHandler ["http-nio-8080"]
[2020-07-31 00:02:46.622] INFO [restartedMain] TomcatWebServer.java:220 - Tomcat started on port(s): 8080 (http) with context path ''
[2020-07-31 00:02:46.624] INFO [restartedMain] DocumentationPluginsBootstrapper.java:160 - Context refreshed
[2020-07-31 00:02:46.664] INFO [restartedMain] DocumentationPluginsBootstrapper.java:163 - Found 1 custom documentation plugin(s)
[2020-07-31 00:02:46.727] INFO [restartedMain] ApiListingReferenceScanner.java:41 - Scanning for api listing references
[2020-07-31 00:02:47.133] INFO [restartedMain] DeferredRepositoryInitializationListener.java:49 - Triggering deferred initialization of Spring Data repositories…
[2020-07-31 00:02:47.229] INFO [restartedMain] DeferredRepositoryInitializationListener.java:53 - Spring Data repositories initialized!
[2020-07-31 00:02:47.244] INFO [restartedMain] StartupInfoLogger.java:61 - Started DemoApplication in 14.529 seconds (JVM running for 16.52)
[2020-07-31 00:03:15.341] INFO [http-nio-8080-exec-2] DirectJDKLog.java:173 - Initializing Spring DispatcherServlet 'dispatcherServlet'
[2020-07-31 00:03:15.342] INFO [http-nio-8080-exec-2] FrameworkServlet.java:525 - Initializing Servlet 'dispatcherServlet'
[2020-07-31 00:03:15.358] INFO [http-nio-8080-exec-2] FrameworkServlet.java:547 - Completed initialization in 16 ms
[2020-07-31 00:03:54.584] INFO [SpringContextShutdownHook] AbstractEntityManagerFactoryBean.java:598 - Closing JPA EntityManagerFactory for persistence unit 'default'
[2020-07-31 00:03:54.589] INFO [SpringContextShutdownHook] ExecutorConfigurationSupport.java:218 - Shutting down ExecutorService 'applicationTaskExecutor'
[2020-07-31 00:03:54.602] INFO [SpringContextShutdownHook] DruidDataSource.java:1825 - {dataSource-1} closed
[2020-07-31 00:04:28.194] INFO [restartedMain] StartupInfoLogger.java:55 - Starting DemoApplication on DESKTOP-4EEKV8L with PID 11676 (E:\gitRepo\CodeBin\java\spring\demo\target\classes started by 20666 in E:\gitRepo\CodeBin\java\spring\demo)
[2020-07-31 00:04:28.202] INFO [restartedMain] SpringApplication.java:651 - No active profile set, falling back to default profiles: default
[2020-07-31 00:04:28.358] INFO [restartedMain] DeferredLog.java:225 - Devtools property defaults active! Set 'spring.devtools.add-properties' to 'false' to disable
[2020-07-31 00:04:28.359] INFO [restartedMain] DeferredLog.java:225 - For additional web related logging consider setting the 'logging.level.web' property to 'DEBUG'
[2020-07-31 00:04:30.811] INFO [restartedMain] RepositoryConfigurationDelegate.java:127 - Bootstrapping Spring Data JPA repositories in DEFERRED mode.
[2020-07-31 00:04:30.999] INFO [restartedMain] RepositoryConfigurationDelegate.java:187 - Finished Spring Data repository scanning in 168ms. Found 3 JPA repository interfaces.
[2020-07-31 00:04:31.916] INFO [restartedMain] PostProcessorRegistrationDelegate.java:335 - Bean 'org.springframework.security.access.expression.method.DefaultMethodSecurityExpressionHandler@1941532' of type [org.springframework.security.access.expression.method.DefaultMethodSecurityExpressionHandler] is not eligible for getting processed by all BeanPostProcessors (for example: not eligible for auto-proxying)
[2020-07-31 00:04:31.930] INFO [restartedMain] PostProcessorRegistrationDelegate.java:335 - Bean 'methodSecurityMetadataSource' of type [org.springframework.security.access.method.DelegatingMethodSecurityMetadataSource] is not eligible for getting processed by all BeanPostProcessors (for example: not eligible for auto-proxying)
[2020-07-31 00:04:32.685] INFO [restartedMain] TomcatWebServer.java:108 - Tomcat initialized with port(s): 8080 (http)
[2020-07-31 00:04:32.703] INFO [restartedMain] DirectJDKLog.java:173 - Initializing ProtocolHandler ["http-nio-8080"]
[2020-07-31 00:04:32.705] INFO [restartedMain] DirectJDKLog.java:173 - Starting service [Tomcat]
[2020-07-31 00:04:32.706] INFO [restartedMain] DirectJDKLog.java:173 - Starting Servlet engine: [Apache Tomcat/9.0.36]
[2020-07-31 00:04:32.933] INFO [restartedMain] DirectJDKLog.java:173 - Initializing Spring embedded WebApplicationContext
[2020-07-31 00:04:32.933] INFO [restartedMain] ServletWebServerApplicationContext.java:285 - Root WebApplicationContext: initialization completed in 4574 ms
[2020-07-31 00:04:33.198] INFO [restartedMain] DruidDataSourceAutoConfigure.java:56 - Init DruidDataSource
[2020-07-31 00:04:34.058] INFO [restartedMain] DruidDataSource.java:930 - {dataSource-1} inited
[2020-07-31 00:04:34.252] INFO [restartedMain] ExecutorConfigurationSupport.java:181 - Initializing ExecutorService 'applicationTaskExecutor'
[2020-07-31 00:04:34.352] INFO [task-1] LogHelper.java:31 - HHH000204: Processing PersistenceUnitInfo [name: default]
[2020-07-31 00:04:34.510] INFO [task-1] Version.java:44 - HHH000412: Hibernate ORM core version 5.4.17.Final
[2020-07-31 00:04:34.849] INFO [task-1] JavaReflectionManager.java:49 - HCANN000001: Hibernate Commons Annotations {5.1.0.Final}
[2020-07-31 00:04:35.132] INFO [task-1] Dialect.java:172 - HHH000400: Using dialect: org.hibernate.dialect.MySQL5InnoDBDialect
[2020-07-31 00:04:36.660] INFO [task-1] JtaPlatformInitiator.java:52 - HHH000490: Using JtaPlatform implementation: [org.hibernate.engine.transaction.jta.platform.internal.NoJtaPlatform]
[2020-07-31 00:04:36.677] INFO [task-1] AbstractEntityManagerFactoryBean.java:416 - Initialized JPA EntityManagerFactory for persistence unit 'default'
[2020-07-31 00:04:38.074] INFO [task-2] OptionalLiveReloadServer.java:58 - LiveReload server is running on port 35729
[2020-07-31 00:04:38.771] INFO [restartedMain] PropertySourcedRequestMappingHandlerMapping.java:69 - Mapped URL path [/v2/api-docs] onto method [springfox.documentation.swagger2.web.Swagger2Controller#getDocumentation(String, HttpServletRequest)]
[2020-07-31 00:04:39.219] INFO [restartedMain] DefaultSecurityFilterChain.java:43 - Creating filter chain: Ant [pattern='/login'], []
[2020-07-31 00:04:39.220] INFO [restartedMain] DefaultSecurityFilterChain.java:43 - Creating filter chain: Ant [pattern='/checkVerifyCode'], []
[2020-07-31 00:04:39.220] INFO [restartedMain] DefaultSecurityFilterChain.java:43 - Creating filter chain: Ant [pattern='/'], []
[2020-07-31 00:04:39.221] INFO [restartedMain] DefaultSecurityFilterChain.java:43 - Creating filter chain: Ant [pattern='/woo/user/register'], []
[2020-07-31 00:04:39.221] INFO [restartedMain] DefaultSecurityFilterChain.java:43 - Creating filter chain: Ant [pattern='/v2/**'], []
[2020-07-31 00:04:39.221] INFO [restartedMain] DefaultSecurityFilterChain.java:43 - Creating filter chain: Ant [pattern='/configuration/ui'], []
[2020-07-31 00:04:39.222] INFO [restartedMain] DefaultSecurityFilterChain.java:43 - Creating filter chain: Ant [pattern='/swagger-resources/**'], []
[2020-07-31 00:04:39.222] INFO [restartedMain] DefaultSecurityFilterChain.java:43 - Creating filter chain: Ant [pattern='/configuration/security'], []
[2020-07-31 00:04:39.222] INFO [restartedMain] DefaultSecurityFilterChain.java:43 - Creating filter chain: Ant [pattern='/swagger-ui.html'], []
[2020-07-31 00:04:39.222] INFO [restartedMain] DefaultSecurityFilterChain.java:43 - Creating filter chain: Ant [pattern='/webjars/**'], []
[2020-07-31 00:04:39.223] INFO [restartedMain] DefaultSecurityFilterChain.java:43 - Creating filter chain: Ant [pattern='/doc.html'], []
[2020-07-31 00:04:39.223] INFO [restartedMain] DefaultSecurityFilterChain.java:43 - Creating filter chain: Ant [pattern='/user/add'], []
[2020-07-31 00:04:39.350] INFO [restartedMain] DefaultSecurityFilterChain.java:43 - Creating filter chain: any request, [org.springframework.security.web.context.request.async.WebAsyncManagerIntegrationFilter@1df9d83, org.springframework.security.web.context.SecurityContextPersistenceFilter@c877ea, org.springframework.security.web.header.HeaderWriterFilter@9d4cc9, org.springframework.security.web.authentication.logout.LogoutFilter@e54468, org.springframework.security.web.authentication.UsernamePasswordAuthenticationFilter@c4f16c, org.springframework.security.web.savedrequest.RequestCacheAwareFilter@d6d862, org.springframework.security.web.servletapi.SecurityContextHolderAwareRequestFilter@39ec8, org.springframework.security.web.authentication.AnonymousAuthenticationFilter@1923d1a, org.springframework.security.web.session.SessionManagementFilter@12ab7c9, org.springframework.security.web.access.ExceptionTranslationFilter@18a7758, org.springframework.security.web.access.intercept.FilterSecurityInterceptor@14f1dfa]
[2020-07-31 00:04:40.117] INFO [restartedMain] DirectJDKLog.java:173 - Starting ProtocolHandler ["http-nio-8080"]
[2020-07-31 00:04:40.203] INFO [restartedMain] TomcatWebServer.java:220 - Tomcat started on port(s): 8080 (http) with context path ''
[2020-07-31 00:04:40.205] INFO [restartedMain] DocumentationPluginsBootstrapper.java:160 - Context refreshed
[2020-07-31 00:04:40.247] INFO [restartedMain] DocumentationPluginsBootstrapper.java:163 - Found 1 custom documentation plugin(s)
[2020-07-31 00:04:40.310] INFO [restartedMain] ApiListingReferenceScanner.java:41 - Scanning for api listing references
[2020-07-31 00:04:40.669] INFO [restartedMain] DeferredRepositoryInitializationListener.java:49 - Triggering deferred initialization of Spring Data repositories…
[2020-07-31 00:04:40.800] INFO [restartedMain] DeferredRepositoryInitializationListener.java:53 - Spring Data repositories initialized!
[2020-07-31 00:04:40.815] INFO [restartedMain] StartupInfoLogger.java:61 - Started DemoApplication in 14.055 seconds (JVM running for 16.268)
[2020-07-31 00:04:46.043] INFO [http-nio-8080-exec-1] DirectJDKLog.java:173 - Initializing Spring DispatcherServlet 'dispatcherServlet'
[2020-07-31 00:04:46.043] INFO [http-nio-8080-exec-1] FrameworkServlet.java:525 - Initializing Servlet 'dispatcherServlet'
[2020-07-31 00:04:46.109] INFO [http-nio-8080-exec-1] FrameworkServlet.java:547 - Completed initialization in 65 ms
[2020-07-31 00:05:13.764] INFO [http-nio-8080-exec-1] UserDetailsServiceImpl.java:54 - grantedAuthority:[{"authority":"Normal"}]has added
[2020-07-31 00:07:07.249] INFO [SpringContextShutdownHook] AbstractEntityManagerFactoryBean.java:598 - Closing JPA EntityManagerFactory for persistence unit 'default'
[2020-07-31 00:07:07.254] INFO [SpringContextShutdownHook] ExecutorConfigurationSupport.java:218 - Shutting down ExecutorService 'applicationTaskExecutor'
[2020-07-31 00:07:07.264] INFO [SpringContextShutdownHook] DruidDataSource.java:1825 - {dataSource-1} closed
[2020-07-31 00:08:51.097] INFO [restartedMain] StartupInfoLogger.java:55 - Starting DemoApplication on DESKTOP-4EEKV8L with PID 10568 (E:\gitRepo\CodeBin\java\spring\demo\target\classes started by 20666 in E:\gitRepo\CodeBin\java\spring\demo)
[2020-07-31 00:08:51.102] INFO [restartedMain] SpringApplication.java:651 - No active profile set, falling back to default profiles: default
[2020-07-31 00:08:51.209] INFO [restartedMain] DeferredLog.java:225 - Devtools property defaults active! Set 'spring.devtools.add-properties' to 'false' to disable
[2020-07-31 00:08:51.209] INFO [restartedMain] DeferredLog.java:225 - For additional web related logging consider setting the 'logging.level.web' property to 'DEBUG'
[2020-07-31 00:08:53.252] INFO [restartedMain] RepositoryConfigurationDelegate.java:127 - Bootstrapping Spring Data JPA repositories in DEFERRED mode.
[2020-07-31 00:08:53.402] INFO [restartedMain] RepositoryConfigurationDelegate.java:187 - Finished Spring Data repository scanning in 128ms. Found 3 JPA repository interfaces.
[2020-07-31 00:08:54.078] INFO [restartedMain] PostProcessorRegistrationDelegate.java:335 - Bean 'org.springframework.security.access.expression.method.DefaultMethodSecurityExpressionHandler@1e05679' of type [org.springframework.security.access.expression.method.DefaultMethodSecurityExpressionHandler] is not eligible for getting processed by all BeanPostProcessors (for example: not eligible for auto-proxying)
[2020-07-31 00:08:54.089] INFO [restartedMain] PostProcessorRegistrationDelegate.java:335 - Bean 'methodSecurityMetadataSource' of type [org.springframework.security.access.method.DelegatingMethodSecurityMetadataSource] is not eligible for getting processed by all BeanPostProcessors (for example: not eligible for auto-proxying)
[2020-07-31 00:08:54.719] INFO [restartedMain] TomcatWebServer.java:108 - Tomcat initialized with port(s): 8080 (http)
[2020-07-31 00:08:54.738] INFO [restartedMain] DirectJDKLog.java:173 - Initializing ProtocolHandler ["http-nio-8080"]
[2020-07-31 00:08:54.739] INFO [restartedMain] DirectJDKLog.java:173 - Starting service [Tomcat]
[2020-07-31 00:08:54.739] INFO [restartedMain] DirectJDKLog.java:173 - Starting Servlet engine: [Apache Tomcat/9.0.36]
[2020-07-31 00:08:55.043] INFO [restartedMain] DirectJDKLog.java:173 - Initializing Spring embedded WebApplicationContext
[2020-07-31 00:08:55.044] INFO [restartedMain] ServletWebServerApplicationContext.java:285 - Root WebApplicationContext: initialization completed in 3834 ms
[2020-07-31 00:08:55.314] INFO [restartedMain] DruidDataSourceAutoConfigure.java:56 - Init DruidDataSource
[2020-07-31 00:08:56.024] INFO [restartedMain] DruidDataSource.java:930 - {dataSource-1} inited
[2020-07-31 00:08:56.207] INFO [restartedMain] ExecutorConfigurationSupport.java:181 - Initializing ExecutorService 'applicationTaskExecutor'
[2020-07-31 00:08:56.285] INFO [task-1] LogHelper.java:31 - HHH000204: Processing PersistenceUnitInfo [name: default]
[2020-07-31 00:08:56.382] INFO [task-1] Version.java:44 - HHH000412: Hibernate ORM core version 5.4.17.Final
[2020-07-31 00:08:56.654] INFO [task-1] JavaReflectionManager.java:49 - HCANN000001: Hibernate Commons Annotations {5.1.0.Final}
[2020-07-31 00:08:56.874] INFO [task-1] Dialect.java:172 - HHH000400: Using dialect: org.hibernate.dialect.MySQL5InnoDBDialect
[2020-07-31 00:08:57.997] INFO [task-1] JtaPlatformInitiator.java:52 - HHH000490: Using JtaPlatform implementation: [org.hibernate.engine.transaction.jta.platform.internal.NoJtaPlatform]
[2020-07-31 00:08:58.011] INFO [task-1] AbstractEntityManagerFactoryBean.java:416 - Initialized JPA EntityManagerFactory for persistence unit 'default'
[2020-07-31 00:08:59.161] INFO [task-2] OptionalLiveReloadServer.java:58 - LiveReload server is running on port 35729
[2020-07-31 00:08:59.690] INFO [restartedMain] PropertySourcedRequestMappingHandlerMapping.java:69 - Mapped URL path [/v2/api-docs] onto method [springfox.documentation.swagger2.web.Swagger2Controller#getDocumentation(String, HttpServletRequest)]
[2020-07-31 00:08:59.928] INFO [restartedMain] DefaultSecurityFilterChain.java:43 - Creating filter chain: Ant [pattern='/login'], []
[2020-07-31 00:08:59.929] INFO [restartedMain] DefaultSecurityFilterChain.java:43 - Creating filter chain: Ant [pattern='/checkVerifyCode'], []
[2020-07-31 00:08:59.929] INFO [restartedMain] DefaultSecurityFilterChain.java:43 - Creating filter chain: Ant [pattern='/'], []
[2020-07-31 00:08:59.930] INFO [restartedMain] DefaultSecurityFilterChain.java:43 - Creating filter chain: Ant [pattern='/woo/user/register'], []
[2020-07-31 00:08:59.930] INFO [restartedMain] DefaultSecurityFilterChain.java:43 - Creating filter chain: Ant [pattern='/v2/**'], []
[2020-07-31 00:08:59.930] INFO [restartedMain] DefaultSecurityFilterChain.java:43 - Creating filter chain: Ant [pattern='/configuration/ui'], []
[2020-07-31 00:08:59.931] INFO [restartedMain] DefaultSecurityFilterChain.java:43 - Creating filter chain: Ant [pattern='/swagger-resources/**'], []
[2020-07-31 00:08:59.931] INFO [restartedMain] DefaultSecurityFilterChain.java:43 - Creating filter chain: Ant [pattern='/configuration/security'], []
[2020-07-31 00:08:59.931] INFO [restartedMain] DefaultSecurityFilterChain.java:43 - Creating filter chain: Ant [pattern='/swagger-ui.html'], []
[2020-07-31 00:08:59.931] INFO [restartedMain] DefaultSecurityFilterChain.java:43 - Creating filter chain: Ant [pattern='/webjars/**'], []
[2020-07-31 00:08:59.932] INFO [restartedMain] DefaultSecurityFilterChain.java:43 - Creating filter chain: Ant [pattern='/doc.html'], []
[2020-07-31 00:08:59.932] INFO [restartedMain] DefaultSecurityFilterChain.java:43 - Creating filter chain: Ant [pattern='/user/add'], []
[2020-07-31 00:09:00.030] INFO [restartedMain] DefaultSecurityFilterChain.java:43 - Creating filter chain: any request, [org.springframework.security.web.context.request.async.WebAsyncManagerIntegrationFilter@1cbd993, org.springframework.security.web.context.SecurityContextPersistenceFilter@1085890, org.springframework.security.web.header.HeaderWriterFilter@1330602, org.springframework.security.web.authentication.logout.LogoutFilter@10526f9, org.springframework.security.web.authentication.UsernamePasswordAuthenticationFilter@111c94a, org.springframework.security.web.savedrequest.RequestCacheAwareFilter@94c4b5, org.springframework.security.web.servletapi.SecurityContextHolderAwareRequestFilter@b826ad, org.springframework.security.web.authentication.AnonymousAuthenticationFilter@1068ced, org.springframework.security.web.session.SessionManagementFilter@1f7877, org.springframework.security.web.access.ExceptionTranslationFilter@55a126, org.springframework.security.web.access.intercept.FilterSecurityInterceptor@1065105]
[2020-07-31 00:09:00.708] INFO [restartedMain] DirectJDKLog.java:173 - Starting ProtocolHandler ["http-nio-8080"]
[2020-07-31 00:09:00.747] INFO [restartedMain] TomcatWebServer.java:220 - Tomcat started on port(s): 8080 (http) with context path ''
[2020-07-31 00:09:00.749] INFO [restartedMain] DocumentationPluginsBootstrapper.java:160 - Context refreshed
[2020-07-31 00:09:00.779] INFO [restartedMain] DocumentationPluginsBootstrapper.java:163 - Found 1 custom documentation plugin(s)
[2020-07-31 00:09:00.829] INFO [restartedMain] ApiListingReferenceScanner.java:41 - Scanning for api listing references
[2020-07-31 00:09:01.120] INFO [restartedMain] DeferredRepositoryInitializationListener.java:49 - Triggering deferred initialization of Spring Data repositories…
[2020-07-31 00:09:01.220] INFO [restartedMain] DeferredRepositoryInitializationListener.java:53 - Spring Data repositories initialized!
[2020-07-31 00:09:01.235] INFO [restartedMain] StartupInfoLogger.java:61 - Started DemoApplication in 11.176 seconds (JVM running for 12.989)
[2020-07-31 00:09:06.789] INFO [http-nio-8080-exec-2] DirectJDKLog.java:173 - Initializing Spring DispatcherServlet 'dispatcherServlet'
[2020-07-31 00:09:06.789] INFO [http-nio-8080-exec-2] FrameworkServlet.java:525 - Initializing Servlet 'dispatcherServlet'
[2020-07-31 00:09:06.803] INFO [http-nio-8080-exec-2] FrameworkServlet.java:547 - Completed initialization in 14 ms
[2020-07-31 00:09:07.336] INFO [http-nio-8080-exec-2] UserDetailsServiceImpl.java:54 - grantedAuthority:[{"authority":"Normal"}]has added
[2020-07-31 00:14:25.681] INFO [http-nio-8080-exec-5] UserDetailsServiceImpl.java:54 - grantedAuthority:[{"authority":"Normal"}]has added
[2020-07-31 00:15:28.196] INFO [http-nio-8080-exec-8] UserDetailsServiceImpl.java:54 - grantedAuthority:[{"authority":"Normal"}]has added
[2020-07-31 00:16:06.747] INFO [http-nio-8080-exec-9] UserDetailsServiceImpl.java:54 - grantedAuthority:[{"authority":"Normal"}]has added
[2020-07-31 00:20:14.001] INFO [Thread-206] AbstractEntityManagerFactoryBean.java:598 - Closing JPA EntityManagerFactory for persistence unit 'default'
[2020-07-31 00:20:14.005] INFO [Thread-206] ExecutorConfigurationSupport.java:218 - Shutting down ExecutorService 'applicationTaskExecutor'
[2020-07-31 00:20:14.015] INFO [Thread-206] DruidDataSource.java:1825 - {dataSource-1} closed
[2020-07-31 00:20:14.290] INFO [restartedMain] StartupInfoLogger.java:55 - Starting DemoApplication on DESKTOP-4EEKV8L with PID 10568 (E:\gitRepo\CodeBin\java\spring\demo\target\classes started by 20666 in E:\gitRepo\CodeBin\java\spring\demo)
[2020-07-31 00:20:14.291] INFO [restartedMain] SpringApplication.java:651 - No active profile set, falling back to default profiles: default
[2020-07-31 00:20:15.290] INFO [restartedMain] RepositoryConfigurationDelegate.java:127 - Bootstrapping Spring Data JPA repositories in DEFERRED mode.
[2020-07-31 00:20:15.344] INFO [restartedMain] RepositoryConfigurationDelegate.java:187 - Finished Spring Data repository scanning in 52ms. Found 3 JPA repository interfaces.
[2020-07-31 00:20:15.570] INFO [restartedMain] PostProcessorRegistrationDelegate.java:335 - Bean 'org.springframework.security.access.expression.method.DefaultMethodSecurityExpressionHandler@1334722' of type [org.springframework.security.access.expression.method.DefaultMethodSecurityExpressionHandler] is not eligible for getting processed by all BeanPostProcessors (for example: not eligible for auto-proxying)
[2020-07-31 00:20:15.573] INFO [restartedMain] PostProcessorRegistrationDelegate.java:335 - Bean 'methodSecurityMetadataSource' of type [org.springframework.security.access.method.DelegatingMethodSecurityMetadataSource] is not eligible for getting processed by all BeanPostProcessors (for example: not eligible for auto-proxying)
[2020-07-31 00:20:15.801] INFO [restartedMain] TomcatWebServer.java:108 - Tomcat initialized with port(s): 8080 (http)
[2020-07-31 00:20:15.803] INFO [restartedMain] DirectJDKLog.java:173 - Initializing ProtocolHandler ["http-nio-8080"]
[2020-07-31 00:20:15.803] INFO [restartedMain] DirectJDKLog.java:173 - Starting service [Tomcat]
[2020-07-31 00:20:15.804] INFO [restartedMain] DirectJDKLog.java:173 - Starting Servlet engine: [Apache Tomcat/9.0.36]
[2020-07-31 00:20:15.836] INFO [restartedMain] DirectJDKLog.java:173 - Initializing Spring embedded WebApplicationContext
[2020-07-31 00:20:15.836] INFO [restartedMain] ServletWebServerApplicationContext.java:285 - Root WebApplicationContext: initialization completed in 1538 ms
[2020-07-31 00:20:15.962] INFO [restartedMain] DruidDataSourceAutoConfigure.java:56 - Init DruidDataSource
[2020-07-31 00:20:16.317] INFO [restartedMain] DruidDataSource.java:930 - {dataSource-2} inited
[2020-07-31 00:20:16.448] INFO [restartedMain] ExecutorConfigurationSupport.java:181 - Initializing ExecutorService 'applicationTaskExecutor'
[2020-07-31 00:20:16.482] INFO [task-1] LogHelper.java:31 - HHH000204: Processing PersistenceUnitInfo [name: default]
[2020-07-31 00:20:16.497] INFO [task-1] Dialect.java:172 - HHH000400: Using dialect: org.hibernate.dialect.MySQL5InnoDBDialect
[2020-07-31 00:20:16.628] INFO [task-1] JtaPlatformInitiator.java:52 - HHH000490: Using JtaPlatform implementation: [org.hibernate.engine.transaction.jta.platform.internal.NoJtaPlatform]
[2020-07-31 00:20:16.629] INFO [task-1] AbstractEntityManagerFactoryBean.java:416 - Initialized JPA EntityManagerFactory for persistence unit 'default'
[2020-07-31 00:20:16.708] INFO [restartedMain] OptionalLiveReloadServer.java:58 - LiveReload server is running on port 35729
[2020-07-31 00:20:17.216] INFO [restartedMain] PropertySourcedRequestMappingHandlerMapping.java:69 - Mapped URL path [/v2/api-docs] onto method [springfox.documentation.swagger2.web.Swagger2Controller#getDocumentation(String, HttpServletRequest)]
[2020-07-31 00:20:17.318] INFO [restartedMain] DefaultSecurityFilterChain.java:43 - Creating filter chain: Ant [pattern='/login'], []
[2020-07-31 00:20:17.318] INFO [restartedMain] DefaultSecurityFilterChain.java:43 - Creating filter chain: Ant [pattern='/checkVerifyCode'], []
[2020-07-31 00:20:17.318] INFO [restartedMain] DefaultSecurityFilterChain.java:43 - Creating filter chain: Ant [pattern='/'], []
[2020-07-31 00:20:17.319] INFO [restartedMain] DefaultSecurityFilterChain.java:43 - Creating filter chain: Ant [pattern='/woo/user/register'], []
[2020-07-31 00:20:17.319] INFO [restartedMain] DefaultSecurityFilterChain.java:43 - Creating filter chain: Ant [pattern='/v2/**'], []
[2020-07-31 00:20:17.319] INFO [restartedMain] DefaultSecurityFilterChain.java:43 - Creating filter chain: Ant [pattern='/configuration/ui'], []
[2020-07-31 00:20:17.320] INFO [restartedMain] DefaultSecurityFilterChain.java:43 - Creating filter chain: Ant [pattern='/swagger-resources/**'], []
[2020-07-31 00:20:17.320] INFO [restartedMain] DefaultSecurityFilterChain.java:43 - Creating filter chain: Ant [pattern='/configuration/security'], []
[2020-07-31 00:20:17.320] INFO [restartedMain] DefaultSecurityFilterChain.java:43 - Creating filter chain: Ant [pattern='/swagger-ui.html'], []
[2020-07-31 00:20:17.321] INFO [restartedMain] DefaultSecurityFilterChain.java:43 - Creating filter chain: Ant [pattern='/webjars/**'], []
[2020-07-31 00:20:17.321] INFO [restartedMain] DefaultSecurityFilterChain.java:43 - Creating filter chain: Ant [pattern='/doc.html'], []
[2020-07-31 00:20:17.321] INFO [restartedMain] DefaultSecurityFilterChain.java:43 - Creating filter chain: Ant [pattern='/user/add'], []
[2020-07-31 00:20:17.370] INFO [restartedMain] DefaultSecurityFilterChain.java:43 - Creating filter chain: any request, [org.springframework.security.web.context.request.async.WebAsyncManagerIntegrationFilter@b3c843, org.springframework.security.web.context.SecurityContextPersistenceFilter@1aad0d7, org.springframework.security.web.header.HeaderWriterFilter@1b545f1, org.springframework.security.web.authentication.logout.LogoutFilter@119bda3, org.springframework.security.web.authentication.UsernamePasswordAuthenticationFilter@ece57e, org.springframework.security.web.savedrequest.RequestCacheAwareFilter@56b166, org.springframework.security.web.servletapi.SecurityContextHolderAwareRequestFilter@1c3fb50, org.springframework.security.web.authentication.AnonymousAuthenticationFilter@14adf3b, org.springframework.security.web.session.SessionManagementFilter@1ed4570, org.springframework.security.web.access.ExceptionTranslationFilter@b1b995, org.springframework.security.web.access.intercept.FilterSecurityInterceptor@13edb09]
[2020-07-31 00:20:17.752] INFO [restartedMain] DirectJDKLog.java:173 - Starting ProtocolHandler ["http-nio-8080"]
[2020-07-31 00:20:17.758] INFO [restartedMain] TomcatWebServer.java:220 - Tomcat started on port(s): 8080 (http) with context path ''
[2020-07-31 00:20:17.759] INFO [restartedMain] DocumentationPluginsBootstrapper.java:160 - Context refreshed
[2020-07-31 00:20:17.761] INFO [restartedMain] DocumentationPluginsBootstrapper.java:163 - Found 1 custom documentation plugin(s)
[2020-07-31 00:20:17.768] INFO [restartedMain] ApiListingReferenceScanner.java:41 - Scanning for api listing references
[2020-07-31 00:20:17.857] INFO [restartedMain] DeferredRepositoryInitializationListener.java:49 - Triggering deferred initialization of Spring Data repositories…
[2020-07-31 00:20:17.948] INFO [restartedMain] DeferredRepositoryInitializationListener.java:53 - Spring Data repositories initialized!
[2020-07-31 00:20:17.954] INFO [restartedMain] StartupInfoLogger.java:61 - Started DemoApplication in 3.796 seconds (JVM running for 689.708)
[2020-07-31 00:20:17.962] INFO [restartedMain] ConditionEvaluationDeltaLoggingListener.java:63 - Condition evaluation unchanged
[2020-07-31 00:23:01.516] INFO [restartedMain] StartupInfoLogger.java:55 - Starting DemoApplication on DESKTOP-4EEKV8L with PID 11020 (E:\gitRepo\CodeBin\java\spring\demo\target\classes started by 20666 in E:\gitRepo\CodeBin\java\spring\demo)
[2020-07-31 00:23:01.523] INFO [restartedMain] SpringApplication.java:651 - No active profile set, falling back to default profiles: default
[2020-07-31 00:23:01.611] INFO [restartedMain] DeferredLog.java:225 - Devtools property defaults active! Set 'spring.devtools.add-properties' to 'false' to disable
[2020-07-31 00:23:01.612] INFO [restartedMain] DeferredLog.java:225 - For additional web related logging consider setting the 'logging.level.web' property to 'DEBUG'
[2020-07-31 00:23:03.759] INFO [restartedMain] RepositoryConfigurationDelegate.java:127 - Bootstrapping Spring Data JPA repositories in DEFERRED mode.
[2020-07-31 00:23:03.913] INFO [restartedMain] RepositoryConfigurationDelegate.java:187 - Finished Spring Data repository scanning in 137ms. Found 3 JPA repository interfaces.
[2020-07-31 00:23:04.597] INFO [restartedMain] PostProcessorRegistrationDelegate.java:335 - Bean 'org.springframework.security.access.expression.method.DefaultMethodSecurityExpressionHandler@c6e885' of type [org.springframework.security.access.expression.method.DefaultMethodSecurityExpressionHandler] is not eligible for getting processed by all BeanPostProcessors (for example: not eligible for auto-proxying)
[2020-07-31 00:23:04.606] INFO [restartedMain] PostProcessorRegistrationDelegate.java:335 - Bean 'methodSecurityMetadataSource' of type [org.springframework.security.access.method.DelegatingMethodSecurityMetadataSource] is not eligible for getting processed by all BeanPostProcessors (for example: not eligible for auto-proxying)
[2020-07-31 00:23:05.225] INFO [restartedMain] TomcatWebServer.java:108 - Tomcat initialized with port(s): 8080 (http)
[2020-07-31 00:23:05.240] INFO [restartedMain] DirectJDKLog.java:173 - Initializing ProtocolHandler ["http-nio-8080"]
[2020-07-31 00:23:05.241] INFO [restartedMain] DirectJDKLog.java:173 - Starting service [Tomcat]
[2020-07-31 00:23:05.242] INFO [restartedMain] DirectJDKLog.java:173 - Starting Servlet engine: [Apache Tomcat/9.0.36]
[2020-07-31 00:23:05.509] INFO [restartedMain] DirectJDKLog.java:173 - Initializing Spring embedded WebApplicationContext
[2020-07-31 00:23:05.509] INFO [restartedMain] ServletWebServerApplicationContext.java:285 - Root WebApplicationContext: initialization completed in 3897 ms
[2020-07-31 00:23:05.716] INFO [restartedMain] DruidDataSourceAutoConfigure.java:56 - Init DruidDataSource
[2020-07-31 00:23:06.383] INFO [restartedMain] DruidDataSource.java:930 - {dataSource-1} inited
[2020-07-31 00:23:06.554] INFO [restartedMain] ExecutorConfigurationSupport.java:181 - Initializing ExecutorService 'applicationTaskExecutor'
[2020-07-31 00:23:06.632] INFO [task-1] LogHelper.java:31 - HHH000204: Processing PersistenceUnitInfo [name: default]
[2020-07-31 00:23:06.726] INFO [task-1] Version.java:44 - HHH000412: Hibernate ORM core version 5.4.17.Final
[2020-07-31 00:23:07.121] INFO [task-1] JavaReflectionManager.java:49 - HCANN000001: Hibernate Commons Annotations {5.1.0.Final}
[2020-07-31 00:23:07.359] INFO [task-1] Dialect.java:172 - HHH000400: Using dialect: org.hibernate.dialect.MySQL5InnoDBDialect
[2020-07-31 00:23:08.514] INFO [task-1] JtaPlatformInitiator.java:52 - HHH000490: Using JtaPlatform implementation: [org.hibernate.engine.transaction.jta.platform.internal.NoJtaPlatform]
[2020-07-31 00:23:08.528] INFO [task-1] AbstractEntityManagerFactoryBean.java:416 - Initialized JPA EntityManagerFactory for persistence unit 'default'
[2020-07-31 00:23:09.662] INFO [task-2] OptionalLiveReloadServer.java:58 - LiveReload server is running on port 35729
[2020-07-31 00:23:10.231] INFO [restartedMain] PropertySourcedRequestMappingHandlerMapping.java:69 - Mapped URL path [/v2/api-docs] onto method [springfox.documentation.swagger2.web.Swagger2Controller#getDocumentation(String, HttpServletRequest)]
[2020-07-31 00:23:10.452] INFO [restartedMain] DefaultSecurityFilterChain.java:43 - Creating filter chain: Ant [pattern='/login'], []
[2020-07-31 00:23:10.453] INFO [restartedMain] DefaultSecurityFilterChain.java:43 - Creating filter chain: Ant [pattern='/checkVerifyCode'], []
[2020-07-31 00:23:10.453] INFO [restartedMain] DefaultSecurityFilterChain.java:43 - Creating filter chain: Ant [pattern='/'], []
[2020-07-31 00:23:10.453] INFO [restartedMain] DefaultSecurityFilterChain.java:43 - Creating filter chain: Ant [pattern='/woo/user/register'], []
[2020-07-31 00:23:10.454] INFO [restartedMain] DefaultSecurityFilterChain.java:43 - Creating filter chain: Ant [pattern='/v2/**'], []
[2020-07-31 00:23:10.454] INFO [restartedMain] DefaultSecurityFilterChain.java:43 - Creating filter chain: Ant [pattern='/configuration/ui'], []
[2020-07-31 00:23:10.454] INFO [restartedMain] DefaultSecurityFilterChain.java:43 - Creating filter chain: Ant [pattern='/swagger-resources/**'], []
[2020-07-31 00:23:10.455] INFO [restartedMain] DefaultSecurityFilterChain.java:43 - Creating filter chain: Ant [pattern='/configuration/security'], []
[2020-07-31 00:23:10.455] INFO [restartedMain] DefaultSecurityFilterChain.java:43 - Creating filter chain: Ant [pattern='/swagger-ui.html'], []
[2020-07-31 00:23:10.455] INFO [restartedMain] DefaultSecurityFilterChain.java:43 - Creating filter chain: Ant [pattern='/webjars/**'], []
[2020-07-31 00:23:10.456] INFO [restartedMain] DefaultSecurityFilterChain.java:43 - Creating filter chain: Ant [pattern='/doc.html'], []
[2020-07-31 00:23:10.456] INFO [restartedMain] DefaultSecurityFilterChain.java:43 - Creating filter chain: Ant [pattern='/user/add'], []
[2020-07-31 00:23:10.552] INFO [restartedMain] DefaultSecurityFilterChain.java:43 - Creating filter chain: any request, [org.springframework.security.web.context.request.async.WebAsyncManagerIntegrationFilter@ed3fb9, org.springframework.security.web.context.SecurityContextPersistenceFilter@177db08, org.springframework.security.web.header.HeaderWriterFilter@a249fc, org.springframework.security.web.authentication.logout.LogoutFilter@efc255, org.springframework.security.web.authentication.UsernamePasswordAuthenticationFilter@17d4842, org.springframework.security.web.savedrequest.RequestCacheAwareFilter@1061f72, org.springframework.security.web.servletapi.SecurityContextHolderAwareRequestFilter@3efe4d, org.springframework.security.web.authentication.AnonymousAuthenticationFilter@11c9b44, org.springframework.security.web.session.SessionManagementFilter@9d0a86, org.springframework.security.web.access.ExceptionTranslationFilter@82b358, org.springframework.security.web.access.intercept.FilterSecurityInterceptor@f4f1f9]
[2020-07-31 00:23:11.209] INFO [restartedMain] DirectJDKLog.java:173 - Starting ProtocolHandler ["http-nio-8080"]
[2020-07-31 00:23:11.265] INFO [restartedMain] TomcatWebServer.java:220 - Tomcat started on port(s): 8080 (http) with context path ''
[2020-07-31 00:23:11.267] INFO [restartedMain] DocumentationPluginsBootstrapper.java:160 - Context refreshed
[2020-07-31 00:23:11.300] INFO [restartedMain] DocumentationPluginsBootstrapper.java:163 - Found 1 custom documentation plugin(s)
[2020-07-31 00:23:11.354] INFO [restartedMain] ApiListingReferenceScanner.java:41 - Scanning for api listing references
[2020-07-31 00:23:11.667] INFO [restartedMain] DeferredRepositoryInitializationListener.java:49 - Triggering deferred initialization of Spring Data repositories…
[2020-07-31 00:23:11.770] INFO [restartedMain] DeferredRepositoryInitializationListener.java:53 - Spring Data repositories initialized!
[2020-07-31 00:23:11.787] INFO [restartedMain] StartupInfoLogger.java:61 - Started DemoApplication in 11.299 seconds (JVM running for 12.901)
[2020-07-31 00:23:47.643] INFO [restartedMain] StartupInfoLogger.java:55 - Starting DemoApplication on DESKTOP-4EEKV8L with PID 21744 (E:\gitRepo\CodeBin\java\spring\demo\target\classes started by 20666 in E:\gitRepo\CodeBin\java\spring\demo)
[2020-07-31 00:23:47.648] INFO [restartedMain] SpringApplication.java:651 - No active profile set, falling back to default profiles: default
[2020-07-31 00:23:47.743] INFO [restartedMain] DeferredLog.java:225 - Devtools property defaults active! Set 'spring.devtools.add-properties' to 'false' to disable
[2020-07-31 00:23:47.744] INFO [restartedMain] DeferredLog.java:225 - For additional web related logging consider setting the 'logging.level.web' property to 'DEBUG'
[2020-07-31 00:23:49.762] INFO [restartedMain] RepositoryConfigurationDelegate.java:127 - Bootstrapping Spring Data JPA repositories in DEFERRED mode.
[2020-07-31 00:23:49.916] INFO [restartedMain] RepositoryConfigurationDelegate.java:187 - Finished Spring Data repository scanning in 137ms. Found 3 JPA repository interfaces.
[2020-07-31 00:23:50.602] INFO [restartedMain] PostProcessorRegistrationDelegate.java:335 - Bean 'org.springframework.security.access.expression.method.DefaultMethodSecurityExpressionHandler@6acd76' of type [org.springframework.security.access.expression.method.DefaultMethodSecurityExpressionHandler] is not eligible for getting processed by all BeanPostProcessors (for example: not eligible for auto-proxying)
[2020-07-31 00:23:50.612] INFO [restartedMain] PostProcessorRegistrationDelegate.java:335 - Bean 'methodSecurityMetadataSource' of type [org.springframework.security.access.method.DelegatingMethodSecurityMetadataSource] is not eligible for getting processed by all BeanPostProcessors (for example: not eligible for auto-proxying)
[2020-07-31 00:23:51.332] INFO [restartedMain] TomcatWebServer.java:108 - Tomcat initialized with port(s): 8080 (http)
[2020-07-31 00:23:51.348] INFO [restartedMain] DirectJDKLog.java:173 - Initializing ProtocolHandler ["http-nio-8080"]
[2020-07-31 00:23:51.349] INFO [restartedMain] DirectJDKLog.java:173 - Starting service [Tomcat]
[2020-07-31 00:23:51.349] INFO [restartedMain] DirectJDKLog.java:173 - Starting Servlet engine: [Apache Tomcat/9.0.36]
[2020-07-31 00:23:51.554] INFO [restartedMain] DirectJDKLog.java:173 - Initializing Spring embedded WebApplicationContext
[2020-07-31 00:23:51.555] INFO [restartedMain] ServletWebServerApplicationContext.java:285 - Root WebApplicationContext: initialization completed in 3811 ms
[2020-07-31 00:23:51.790] INFO [restartedMain] DruidDataSourceAutoConfigure.java:56 - Init DruidDataSource
[2020-07-31 00:23:52.480] INFO [restartedMain] DruidDataSource.java:930 - {dataSource-1} inited
[2020-07-31 00:23:52.654] INFO [restartedMain] ExecutorConfigurationSupport.java:181 - Initializing ExecutorService 'applicationTaskExecutor'
[2020-07-31 00:23:52.736] INFO [task-1] LogHelper.java:31 - HHH000204: Processing PersistenceUnitInfo [name: default]
[2020-07-31 00:23:52.835] INFO [task-1] Version.java:44 - HHH000412: Hibernate ORM core version 5.4.17.Final
[2020-07-31 00:23:53.090] INFO [task-1] JavaReflectionManager.java:49 - HCANN000001: Hibernate Commons Annotations {5.1.0.Final}
[2020-07-31 00:23:53.323] INFO [task-1] Dialect.java:172 - HHH000400: Using dialect: org.hibernate.dialect.MySQL5InnoDBDialect
[2020-07-31 00:23:54.452] INFO [task-1] JtaPlatformInitiator.java:52 - HHH000490: Using JtaPlatform implementation: [org.hibernate.engine.transaction.jta.platform.internal.NoJtaPlatform]
[2020-07-31 00:23:54.466] INFO [task-1] AbstractEntityManagerFactoryBean.java:416 - Initialized JPA EntityManagerFactory for persistence unit 'default'
[2020-07-31 00:23:55.580] INFO [task-2] OptionalLiveReloadServer.java:58 - LiveReload server is running on port 35729
[2020-07-31 00:23:56.128] INFO [restartedMain] PropertySourcedRequestMappingHandlerMapping.java:69 - Mapped URL path [/v2/api-docs] onto method [springfox.documentation.swagger2.web.Swagger2Controller#getDocumentation(String, HttpServletRequest)]
[2020-07-31 00:23:56.353] INFO [restartedMain] DefaultSecurityFilterChain.java:43 - Creating filter chain: Ant [pattern='/login'], []
[2020-07-31 00:23:56.353] INFO [restartedMain] DefaultSecurityFilterChain.java:43 - Creating filter chain: Ant [pattern='/checkVerifyCode'], []
[2020-07-31 00:23:56.354] INFO [restartedMain] DefaultSecurityFilterChain.java:43 - Creating filter chain: Ant [pattern='/'], []
[2020-07-31 00:23:56.354] INFO [restartedMain] DefaultSecurityFilterChain.java:43 - Creating filter chain: Ant [pattern='/woo/user/register'], []
[2020-07-31 00:23:56.354] INFO [restartedMain] DefaultSecurityFilterChain.java:43 - Creating filter chain: Ant [pattern='/v2/**'], []
[2020-07-31 00:23:56.355] INFO [restartedMain] DefaultSecurityFilterChain.java:43 - Creating filter chain: Ant [pattern='/configuration/ui'], []
[2020-07-31 00:23:56.355] INFO [restartedMain] DefaultSecurityFilterChain.java:43 - Creating filter chain: Ant [pattern='/swagger-resources/**'], []
[2020-07-31 00:23:56.355] INFO [restartedMain] DefaultSecurityFilterChain.java:43 - Creating filter chain: Ant [pattern='/configuration/security'], []
[2020-07-31 00:23:56.356] INFO [restartedMain] DefaultSecurityFilterChain.java:43 - Creating filter chain: Ant [pattern='/swagger-ui.html'], []
[2020-07-31 00:23:56.356] INFO [restartedMain] DefaultSecurityFilterChain.java:43 - Creating filter chain: Ant [pattern='/webjars/**'], []
[2020-07-31 00:23:56.356] INFO [restartedMain] DefaultSecurityFilterChain.java:43 - Creating filter chain: Ant [pattern='/doc.html'], []
[2020-07-31 00:23:56.357] INFO [restartedMain] DefaultSecurityFilterChain.java:43 - Creating filter chain: Ant [pattern='/user/add'], []
[2020-07-31 00:23:56.437] INFO [restartedMain] DefaultSecurityFilterChain.java:43 - Creating filter chain: any request, [org.springframework.security.web.context.request.async.WebAsyncManagerIntegrationFilter@b54d31, org.springframework.security.web.context.SecurityContextPersistenceFilter@488462, org.springframework.security.web.header.HeaderWriterFilter@18345a4, org.springframework.security.web.authentication.logout.LogoutFilter@ef9427, org.springframework.security.web.authentication.UsernamePasswordAuthenticationFilter@1317888, org.springframework.security.web.savedrequest.RequestCacheAwareFilter@ebae11, org.springframework.security.web.servletapi.SecurityContextHolderAwareRequestFilter@18c05f9, org.springframework.security.web.authentication.AnonymousAuthenticationFilter@d2ca41, org.springframework.security.web.session.SessionManagementFilter@1ab1522, org.springframework.security.web.access.ExceptionTranslationFilter@159694, org.springframework.security.web.access.intercept.FilterSecurityInterceptor@1c002c3]
[2020-07-31 00:23:57.142] INFO [restartedMain] DirectJDKLog.java:173 - Starting ProtocolHandler ["http-nio-8080"]
[2020-07-31 00:23:57.184] INFO [restartedMain] TomcatWebServer.java:220 - Tomcat started on port(s): 8080 (http) with context path ''
[2020-07-31 00:23:57.186] INFO [restartedMain] DocumentationPluginsBootstrapper.java:160 - Context refreshed
[2020-07-31 00:23:57.217] INFO [restartedMain] DocumentationPluginsBootstrapper.java:163 - Found 1 custom documentation plugin(s)
[2020-07-31 00:23:57.275] INFO [restartedMain] ApiListingReferenceScanner.java:41 - Scanning for api listing references
[2020-07-31 00:23:57.607] INFO [restartedMain] DeferredRepositoryInitializationListener.java:49 - Triggering deferred initialization of Spring Data repositories…
[2020-07-31 00:23:57.717] INFO [restartedMain] DeferredRepositoryInitializationListener.java:53 - Spring Data repositories initialized!
[2020-07-31 00:23:57.731] INFO [restartedMain] StartupInfoLogger.java:61 - Started DemoApplication in 11.09 seconds (JVM running for 12.766)
[2020-07-31 00:24:04.497] INFO [http-nio-8080-exec-1] DirectJDKLog.java:173 - Initializing Spring DispatcherServlet 'dispatcherServlet'
[2020-07-31 00:24:04.498] INFO [http-nio-8080-exec-1] FrameworkServlet.java:525 - Initializing Servlet 'dispatcherServlet'
[2020-07-31 00:24:04.513] INFO [http-nio-8080-exec-1] FrameworkServlet.java:547 - Completed initialization in 15 ms
[2020-07-31 00:24:12.397] INFO [http-nio-8080-exec-3] UserDetailsServiceImpl.java:54 - grantedAuthority:[{"authority":"Normal"}]has added
[2020-07-31 00:25:50.082] INFO [restartedMain] StartupInfoLogger.java:55 - Starting DemoApplication on DESKTOP-4EEKV8L with PID 19200 (E:\gitRepo\CodeBin\java\spring\demo\target\classes started by 20666 in E:\gitRepo\CodeBin\java\spring\demo)
[2020-07-31 00:25:50.091] INFO [restartedMain] SpringApplication.java:651 - No active profile set, falling back to default profiles: default
[2020-07-31 00:25:50.221] INFO [restartedMain] DeferredLog.java:225 - Devtools property defaults active! Set 'spring.devtools.add-properties' to 'false' to disable
[2020-07-31 00:25:50.222] INFO [restartedMain] DeferredLog.java:225 - For additional web related logging consider setting the 'logging.level.web' property to 'DEBUG'
[2020-07-31 00:25:52.554] INFO [restartedMain] RepositoryConfigurationDelegate.java:127 - Bootstrapping Spring Data JPA repositories in DEFERRED mode.
[2020-07-31 00:25:52.738] INFO [restartedMain] RepositoryConfigurationDelegate.java:187 - Finished Spring Data repository scanning in 165ms. Found 3 JPA repository interfaces.
[2020-07-31 00:25:53.580] INFO [restartedMain] PostProcessorRegistrationDelegate.java:335 - Bean 'org.springframework.security.access.expression.method.DefaultMethodSecurityExpressionHandler@e79009' of type [org.springframework.security.access.expression.method.DefaultMethodSecurityExpressionHandler] is not eligible for getting processed by all BeanPostProcessors (for example: not eligible for auto-proxying)
[2020-07-31 00:25:53.594] INFO [restartedMain] PostProcessorRegistrationDelegate.java:335 - Bean 'methodSecurityMetadataSource' of type [org.springframework.security.access.method.DelegatingMethodSecurityMetadataSource] is not eligible for getting processed by all BeanPostProcessors (for example: not eligible for auto-proxying)
[2020-07-31 00:25:54.355] INFO [restartedMain] TomcatWebServer.java:108 - Tomcat initialized with port(s): 8080 (http)
[2020-07-31 00:25:54.385] INFO [restartedMain] DirectJDKLog.java:173 - Initializing ProtocolHandler ["http-nio-8080"]
[2020-07-31 00:25:54.386] INFO [restartedMain] DirectJDKLog.java:173 - Starting service [Tomcat]
[2020-07-31 00:25:54.387] INFO [restartedMain] DirectJDKLog.java:173 - Starting Servlet engine: [Apache Tomcat/9.0.36]
[2020-07-31 00:25:54.611] INFO [restartedMain] DirectJDKLog.java:173 - Initializing Spring embedded WebApplicationContext
[2020-07-31 00:25:54.612] INFO [restartedMain] ServletWebServerApplicationContext.java:285 - Root WebApplicationContext: initialization completed in 4390 ms
[2020-07-31 00:25:54.865] INFO [restartedMain] DruidDataSourceAutoConfigure.java:56 - Init DruidDataSource
[2020-07-31 00:25:55.698] INFO [restartedMain] DruidDataSource.java:930 - {dataSource-1} inited
[2020-07-31 00:25:55.890] INFO [restartedMain] ExecutorConfigurationSupport.java:181 - Initializing ExecutorService 'applicationTaskExecutor'
[2020-07-31 00:25:55.987] INFO [task-1] LogHelper.java:31 - HHH000204: Processing PersistenceUnitInfo [name: default]
[2020-07-31 00:25:56.132] INFO [task-1] Version.java:44 - HHH000412: Hibernate ORM core version 5.4.17.Final
[2020-07-31 00:25:56.507] INFO [task-1] JavaReflectionManager.java:49 - HCANN000001: Hibernate Commons Annotations {5.1.0.Final}
[2020-07-31 00:25:56.839] INFO [task-1] Dialect.java:172 - HHH000400: Using dialect: org.hibernate.dialect.MySQL5InnoDBDialect
[2020-07-31 00:25:58.364] INFO [task-1] JtaPlatformInitiator.java:52 - HHH000490: Using JtaPlatform implementation: [org.hibernate.engine.transaction.jta.platform.internal.NoJtaPlatform]
[2020-07-31 00:25:58.381] INFO [task-1] AbstractEntityManagerFactoryBean.java:416 - Initialized JPA EntityManagerFactory for persistence unit 'default'
[2020-07-31 00:25:59.699] INFO [task-2] OptionalLiveReloadServer.java:58 - LiveReload server is running on port 35729
[2020-07-31 00:26:00.480] INFO [restartedMain] PropertySourcedRequestMappingHandlerMapping.java:69 - Mapped URL path [/v2/api-docs] onto method [springfox.documentation.swagger2.web.Swagger2Controller#getDocumentation(String, HttpServletRequest)]
[2020-07-31 00:26:00.801] INFO [restartedMain] DefaultSecurityFilterChain.java:43 - Creating filter chain: Ant [pattern='/login'], []
[2020-07-31 00:26:00.802] INFO [restartedMain] DefaultSecurityFilterChain.java:43 - Creating filter chain: Ant [pattern='/checkVerifyCode'], []
[2020-07-31 00:26:00.802] INFO [restartedMain] DefaultSecurityFilterChain.java:43 - Creating filter chain: Ant [pattern='/'], []
[2020-07-31 00:26:00.802] INFO [restartedMain] DefaultSecurityFilterChain.java:43 - Creating filter chain: Ant [pattern='/woo/user/register'], []
[2020-07-31 00:26:00.803] INFO [restartedMain] DefaultSecurityFilterChain.java:43 - Creating filter chain: Ant [pattern='/v2/**'], []
[2020-07-31 00:26:00.803] INFO [restartedMain] DefaultSecurityFilterChain.java:43 - Creating filter chain: Ant [pattern='/configuration/ui'], []
[2020-07-31 00:26:00.803] INFO [restartedMain] DefaultSecurityFilterChain.java:43 - Creating filter chain: Ant [pattern='/swagger-resources/**'], []
[2020-07-31 00:26:00.804] INFO [restartedMain] DefaultSecurityFilterChain.java:43 - Creating filter chain: Ant [pattern='/configuration/security'], []
[2020-07-31 00:26:00.804] INFO [restartedMain] DefaultSecurityFilterChain.java:43 - Creating filter chain: Ant [pattern='/swagger-ui.html'], []
[2020-07-31 00:26:00.804] INFO [restartedMain] DefaultSecurityFilterChain.java:43 - Creating filter chain: Ant [pattern='/webjars/**'], []
[2020-07-31 00:26:00.805] INFO [restartedMain] DefaultSecurityFilterChain.java:43 - Creating filter chain: Ant [pattern='/doc.html'], []
[2020-07-31 00:26:00.805] INFO [restartedMain] DefaultSecurityFilterChain.java:43 - Creating filter chain: Ant [pattern='/user/add'], []
[2020-07-31 00:26:00.890] INFO [restartedMain] DefaultSecurityFilterChain.java:43 - Creating filter chain: any request, [org.springframework.security.web.context.request.async.WebAsyncManagerIntegrationFilter@eab4f7, org.springframework.security.web.context.SecurityContextPersistenceFilter@652e13, org.springframework.security.web.header.HeaderWriterFilter@182d96a, org.springframework.security.web.authentication.logout.LogoutFilter@1627e6, org.springframework.security.web.authentication.UsernamePasswordAuthenticationFilter@149d24f, org.springframework.security.web.savedrequest.RequestCacheAwareFilter@65c129, org.springframework.security.web.servletapi.SecurityContextHolderAwareRequestFilter@52cea2, org.springframework.security.web.authentication.AnonymousAuthenticationFilter@1fb227, org.springframework.security.web.session.SessionManagementFilter@22a438, org.springframework.security.web.access.ExceptionTranslationFilter@1fc7d53, org.springframework.security.web.access.intercept.FilterSecurityInterceptor@b9180d]
[2020-07-31 00:26:01.645] INFO [restartedMain] DirectJDKLog.java:173 - Starting ProtocolHandler ["http-nio-8080"]
[2020-07-31 00:26:01.692] INFO [restartedMain] TomcatWebServer.java:220 - Tomcat started on port(s): 8080 (http) with context path ''
[2020-07-31 00:26:01.695] INFO [restartedMain] DocumentationPluginsBootstrapper.java:160 - Context refreshed
[2020-07-31 00:26:01.731] INFO [restartedMain] DocumentationPluginsBootstrapper.java:163 - Found 1 custom documentation plugin(s)
[2020-07-31 00:26:01.831] INFO [restartedMain] ApiListingReferenceScanner.java:41 - Scanning for api listing references
[2020-07-31 00:26:02.193] INFO [restartedMain] DeferredRepositoryInitializationListener.java:49 - Triggering deferred initialization of Spring Data repositories…
[2020-07-31 00:26:02.288] INFO [restartedMain] DeferredRepositoryInitializationListener.java:53 - Spring Data repositories initialized!
[2020-07-31 00:26:02.309] INFO [restartedMain] StartupInfoLogger.java:61 - Started DemoApplication in 13.518 seconds (JVM running for 15.579)
[2020-07-31 00:26:10.375] INFO [http-nio-8080-exec-2] DirectJDKLog.java:173 - Initializing Spring DispatcherServlet 'dispatcherServlet'
[2020-07-31 00:26:10.375] INFO [http-nio-8080-exec-2] FrameworkServlet.java:525 - Initializing Servlet 'dispatcherServlet'
[2020-07-31 00:26:10.392] INFO [http-nio-8080-exec-2] FrameworkServlet.java:547 - Completed initialization in 16 ms
[2020-07-31 00:26:21.796] INFO [http-nio-8080-exec-5] UserDetailsServiceImpl.java:54 - grantedAuthority:[{"authority":"Normal"}]has added
[2020-07-31 00:27:05.792] INFO [http-nio-8080-exec-6] UserDetailsServiceImpl.java:54 - grantedAuthority:[{"authority":"Normal"}]has added
[2020-07-31 00:27:10.657] INFO [Thread-206] AbstractEntityManagerFactoryBean.java:598 - Closing JPA EntityManagerFactory for persistence unit 'default'
[2020-07-31 00:27:10.661] INFO [Thread-206] ExecutorConfigurationSupport.java:218 - Shutting down ExecutorService 'applicationTaskExecutor'
[2020-07-31 00:27:10.673] INFO [Thread-206] DruidDataSource.java:1825 - {dataSource-1} closed
[2020-07-31 00:27:10.953] INFO [restartedMain] StartupInfoLogger.java:55 - Starting DemoApplication on DESKTOP-4EEKV8L with PID 19200 (E:\gitRepo\CodeBin\java\spring\demo\target\classes started by 20666 in E:\gitRepo\CodeBin\java\spring\demo)
[2020-07-31 00:27:10.954] INFO [restartedMain] SpringApplication.java:651 - No active profile set, falling back to default profiles: default
[2020-07-31 00:27:12.161] INFO [restartedMain] RepositoryConfigurationDelegate.java:127 - Bootstrapping Spring Data JPA repositories in DEFERRED mode.
[2020-07-31 00:27:12.227] INFO [restartedMain] RepositoryConfigurationDelegate.java:187 - Finished Spring Data repository scanning in 64ms. Found 3 JPA repository interfaces.
[2020-07-31 00:27:12.448] INFO [restartedMain] PostProcessorRegistrationDelegate.java:335 - Bean 'org.springframework.security.access.expression.method.DefaultMethodSecurityExpressionHandler@1e6fb24' of type [org.springframework.security.access.expression.method.DefaultMethodSecurityExpressionHandler] is not eligible for getting processed by all BeanPostProcessors (for example: not eligible for auto-proxying)
[2020-07-31 00:27:12.452] INFO [restartedMain] PostProcessorRegistrationDelegate.java:335 - Bean 'methodSecurityMetadataSource' of type [org.springframework.security.access.method.DelegatingMethodSecurityMetadataSource] is not eligible for getting processed by all BeanPostProcessors (for example: not eligible for auto-proxying)
[2020-07-31 00:27:12.689] INFO [restartedMain] TomcatWebServer.java:108 - Tomcat initialized with port(s): 8080 (http)
[2020-07-31 00:27:12.690] INFO [restartedMain] DirectJDKLog.java:173 - Initializing ProtocolHandler ["http-nio-8080"]
[2020-07-31 00:27:12.690] INFO [restartedMain] DirectJDKLog.java:173 - Starting service [Tomcat]
[2020-07-31 00:27:12.691] INFO [restartedMain] DirectJDKLog.java:173 - Starting Servlet engine: [Apache Tomcat/9.0.36]
[2020-07-31 00:27:12.749] INFO [restartedMain] DirectJDKLog.java:173 - Initializing Spring embedded WebApplicationContext
[2020-07-31 00:27:12.750] INFO [restartedMain] ServletWebServerApplicationContext.java:285 - Root WebApplicationContext: initialization completed in 1787 ms
[2020-07-31 00:27:12.895] INFO [restartedMain] DruidDataSourceAutoConfigure.java:56 - Init DruidDataSource
[2020-07-31 00:27:13.250] INFO [restartedMain] DruidDataSource.java:930 - {dataSource-2} inited
[2020-07-31 00:27:13.369] INFO [restartedMain] ExecutorConfigurationSupport.java:181 - Initializing ExecutorService 'applicationTaskExecutor'
[2020-07-31 00:27:13.390] INFO [task-1] LogHelper.java:31 - HHH000204: Processing PersistenceUnitInfo [name: default]
[2020-07-31 00:27:13.414] INFO [task-1] Dialect.java:172 - HHH000400: Using dialect: org.hibernate.dialect.MySQL5InnoDBDialect
[2020-07-31 00:27:13.548] INFO [task-1] JtaPlatformInitiator.java:52 - HHH000490: Using JtaPlatform implementation: [org.hibernate.engine.transaction.jta.platform.internal.NoJtaPlatform]
[2020-07-31 00:27:13.549] INFO [task-1] AbstractEntityManagerFactoryBean.java:416 - Initialized JPA EntityManagerFactory for persistence unit 'default'
[2020-07-31 00:27:13.711] INFO [restartedMain] OptionalLiveReloadServer.java:58 - LiveReload server is running on port 35729
[2020-07-31 00:27:14.295] INFO [restartedMain] PropertySourcedRequestMappingHandlerMapping.java:69 - Mapped URL path [/v2/api-docs] onto method [springfox.documentation.swagger2.web.Swagger2Controller#getDocumentation(String, HttpServletRequest)]
[2020-07-31 00:27:14.369] INFO [restartedMain] DefaultSecurityFilterChain.java:43 - Creating filter chain: Ant [pattern='/login'], []
[2020-07-31 00:27:14.369] INFO [restartedMain] DefaultSecurityFilterChain.java:43 - Creating filter chain: Ant [pattern='/checkVerifyCode'], []
[2020-07-31 00:27:14.369] INFO [restartedMain] DefaultSecurityFilterChain.java:43 - Creating filter chain: Ant [pattern='/'], []
[2020-07-31 00:27:14.370] INFO [restartedMain] DefaultSecurityFilterChain.java:43 - Creating filter chain: Ant [pattern='/woo/user/register'], []
[2020-07-31 00:27:14.370] INFO [restartedMain] DefaultSecurityFilterChain.java:43 - Creating filter chain: Ant [pattern='/v2/**'], []
[2020-07-31 00:27:14.370] INFO [restartedMain] DefaultSecurityFilterChain.java:43 - Creating filter chain: Ant [pattern='/configuration/ui'], []
[2020-07-31 00:27:14.371] INFO [restartedMain] DefaultSecurityFilterChain.java:43 - Creating filter chain: Ant [pattern='/swagger-resources/**'], []
[2020-07-31 00:27:14.371] INFO [restartedMain] DefaultSecurityFilterChain.java:43 - Creating filter chain: Ant [pattern='/configuration/security'], []
[2020-07-31 00:27:14.371] INFO [restartedMain] DefaultSecurityFilterChain.java:43 - Creating filter chain: Ant [pattern='/swagger-ui.html'], []
[2020-07-31 00:27:14.372] INFO [restartedMain] DefaultSecurityFilterChain.java:43 - Creating filter chain: Ant [pattern='/webjars/**'], []
[2020-07-31 00:27:14.372] INFO [restartedMain] DefaultSecurityFilterChain.java:43 - Creating filter chain: Ant [pattern='/doc.html'], []
[2020-07-31 00:27:14.372] INFO [restartedMain] DefaultSecurityFilterChain.java:43 - Creating filter chain: Ant [pattern='/user/add'], []
[2020-07-31 00:27:14.426] INFO [restartedMain] DefaultSecurityFilterChain.java:43 - Creating filter chain: any request, [org.springframework.security.web.context.request.async.WebAsyncManagerIntegrationFilter@12a1cac, org.springframework.security.web.context.SecurityContextPersistenceFilter@56a2e6, org.springframework.security.web.header.HeaderWriterFilter@3a6ff4, org.springframework.security.web.authentication.logout.LogoutFilter@10c9746, org.springframework.security.web.authentication.UsernamePasswordAuthenticationFilter@5ae79d, org.springframework.security.web.savedrequest.RequestCacheAwareFilter@1974249, org.springframework.security.web.servletapi.SecurityContextHolderAwareRequestFilter@4bcc00, org.springframework.security.web.authentication.AnonymousAuthenticationFilter@1b9116a, org.springframework.security.web.session.SessionManagementFilter@589038, org.springframework.security.web.access.ExceptionTranslationFilter@3436cb, org.springframework.security.web.access.intercept.FilterSecurityInterceptor@3eb55]
[2020-07-31 00:27:14.904] INFO [restartedMain] DirectJDKLog.java:173 - Starting ProtocolHandler ["http-nio-8080"]
[2020-07-31 00:27:14.910] INFO [restartedMain] TomcatWebServer.java:220 - Tomcat started on port(s): 8080 (http) with context path ''
[2020-07-31 00:27:14.912] INFO [restartedMain] DocumentationPluginsBootstrapper.java:160 - Context refreshed
[2020-07-31 00:27:14.914] INFO [restartedMain] DocumentationPluginsBootstrapper.java:163 - Found 1 custom documentation plugin(s)
[2020-07-31 00:27:14.924] INFO [restartedMain] ApiListingReferenceScanner.java:41 - Scanning for api listing references
[2020-07-31 00:27:14.999] INFO [restartedMain] DeferredRepositoryInitializationListener.java:49 - Triggering deferred initialization of Spring Data repositories…
[2020-07-31 00:27:15.141] INFO [restartedMain] DeferredRepositoryInitializationListener.java:53 - Spring Data repositories initialized!
[2020-07-31 00:27:15.148] INFO [restartedMain] StartupInfoLogger.java:61 - Started DemoApplication in 4.316 seconds (JVM running for 88.418)
[2020-07-31 00:27:15.154] INFO [restartedMain] ConditionEvaluationDeltaLoggingListener.java:63 - Condition evaluation unchanged
[2020-07-31 00:27:20.940] INFO [http-nio-8080-exec-2] DirectJDKLog.java:173 - Initializing Spring DispatcherServlet 'dispatcherServlet'
[2020-07-31 00:27:20.940] INFO [http-nio-8080-exec-2] FrameworkServlet.java:525 - Initializing Servlet 'dispatcherServlet'
[2020-07-31 00:27:20.952] INFO [http-nio-8080-exec-2] FrameworkServlet.java:547 - Completed initialization in 11 ms
[2020-07-31 00:27:21.177] INFO [http-nio-8080-exec-2] UserDetailsServiceImpl.java:54 - grantedAuthority:[{"authority":"Normal"}]has added
[2020-07-31 00:27:43.401] INFO [SpringContextShutdownHook] AbstractEntityManagerFactoryBean.java:598 - Closing JPA EntityManagerFactory for persistence unit 'default'
[2020-07-31 00:27:43.403] INFO [SpringContextShutdownHook] ExecutorConfigurationSupport.java:218 - Shutting down ExecutorService 'applicationTaskExecutor'
[2020-07-31 00:27:43.408] INFO [SpringContextShutdownHook] DruidDataSource.java:1825 - {dataSource-2} closed
