[2020-11-17 14:17:27.407] INFO [restartedMain] StartupInfoLogger.java:55 - Starting VolunteerApplication using Java 1.8.0_261 on DESKTOP-4EEKV8L with PID 20080 (E:\gitRepo\CodeBin\java\spring\volunteer_system\target\classes started by 20666 in E:\gitRepo\CodeBin\java\spring\volunteer_system)
[2020-11-17 14:17:27.412] INFO [restartedMain] SpringApplication.java:660 - No active profile set, falling back to default profiles: default
[2020-11-17 14:17:27.496] INFO [restartedMain] DeferredLog.java:255 - Devtools property defaults active! Set 'spring.devtools.add-properties' to 'false' to disable
[2020-11-17 14:17:27.498] INFO [restartedMain] DeferredLog.java:255 - For additional web related logging consider setting the 'logging.level.web' property to 'DEBUG'
[2020-11-17 14:17:28.999] INFO [restartedMain] TomcatWebServer.java:108 - Tomcat initialized with port(s): 8080 (http)
[2020-11-17 14:17:29.013] INFO [restartedMain] DirectJDKLog.java:173 - Initializing ProtocolHandler ["http-nio-8080"]
[2020-11-17 14:17:29.015] INFO [restartedMain] DirectJDKLog.java:173 - Starting service [Tomcat]
[2020-11-17 14:17:29.015] INFO [restartedMain] DirectJDKLog.java:173 - Starting Servlet engine: [Apache Tomcat/9.0.39]
[2020-11-17 14:17:29.141] INFO [restartedMain] DirectJDKLog.java:173 - Initializing Spring embedded WebApplicationContext
[2020-11-17 14:17:29.142] INFO [restartedMain] ServletWebServerApplicationContext.java:289 - Root WebApplicationContext: initialization completed in 1642 ms
[2020-11-17 14:17:29.433] INFO [restartedMain] ExecutorConfigurationSupport.java:181 - Initializing ExecutorService 'applicationTaskExecutor'
[2020-11-17 14:17:29.700] INFO [restartedMain] UserDetailsServiceAutoConfiguration.java:86 - 

Using generated security password: 9d1693e7-7398-4531-a072-f6c4ff8477d6

[2020-11-17 14:17:29.876] INFO [restartedMain] DefaultSecurityFilterChain.java:51 - Will secure any request with [org.springframework.security.web.context.request.async.WebAsyncManagerIntegrationFilter@44fdef01, org.springframework.security.web.context.SecurityContextPersistenceFilter@1e9d7e18, org.springframework.security.web.header.HeaderWriterFilter@1d1e5674, org.springframework.security.web.csrf.CsrfFilter@dd2d551, org.springframework.security.web.authentication.logout.LogoutFilter@2fa9b359, org.springframework.security.web.authentication.UsernamePasswordAuthenticationFilter@384dd00d, org.springframework.security.web.authentication.ui.DefaultLoginPageGeneratingFilter@3c209bf2, org.springframework.security.web.authentication.ui.DefaultLogoutPageGeneratingFilter@65034a78, org.springframework.security.web.authentication.www.BasicAuthenticationFilter@36d69296, org.springframework.security.web.savedrequest.RequestCacheAwareFilter@68df933, org.springframework.security.web.servletapi.SecurityContextHolderAwareRequestFilter@52cfbecf, org.springframework.security.web.authentication.AnonymousAuthenticationFilter@67c3366c, org.springframework.security.web.session.SessionManagementFilter@2a72f978, org.springframework.security.web.access.ExceptionTranslationFilter@62ff0005, org.springframework.security.web.access.intercept.FilterSecurityInterceptor@43dfb290]
[2020-11-17 14:17:29.956] INFO [restartedMain] OptionalLiveReloadServer.java:58 - LiveReload server is running on port 35729
[2020-11-17 14:17:29.987] INFO [restartedMain] DirectJDKLog.java:173 - Starting ProtocolHandler ["http-nio-8080"]
[2020-11-17 14:17:30.019] INFO [restartedMain] TomcatWebServer.java:220 - Tomcat started on port(s): 8080 (http) with context path ''
[2020-11-17 14:17:30.037] INFO [restartedMain] StartupInfoLogger.java:61 - Started VolunteerApplication in 3.494 seconds (JVM running for 5.996)
[2020-11-17 14:24:50.577] INFO [restartedMain] StartupInfoLogger.java:55 - Starting VolunteerApplication using Java 1.8.0_261 on DESKTOP-4EEKV8L with PID 18960 (E:\gitRepo\CodeBin\java\spring\volunteer_system\target\classes started by 20666 in E:\gitRepo\CodeBin\java\spring\volunteer_system)
[2020-11-17 14:24:50.583] INFO [restartedMain] SpringApplication.java:660 - No active profile set, falling back to default profiles: default
[2020-11-17 14:24:50.671] INFO [restartedMain] DeferredLog.java:255 - Devtools property defaults active! Set 'spring.devtools.add-properties' to 'false' to disable
[2020-11-17 14:24:50.672] INFO [restartedMain] DeferredLog.java:255 - For additional web related logging consider setting the 'logging.level.web' property to 'DEBUG'
[2020-11-17 14:24:52.153] INFO [restartedMain] TomcatWebServer.java:108 - Tomcat initialized with port(s): 8080 (http)
[2020-11-17 14:24:52.168] INFO [restartedMain] DirectJDKLog.java:173 - Initializing ProtocolHandler ["http-nio-8080"]
[2020-11-17 14:24:52.169] INFO [restartedMain] DirectJDKLog.java:173 - Starting service [Tomcat]
[2020-11-17 14:24:52.170] INFO [restartedMain] DirectJDKLog.java:173 - Starting Servlet engine: [Apache Tomcat/9.0.39]
[2020-11-17 14:24:52.274] INFO [restartedMain] DirectJDKLog.java:173 - Initializing Spring embedded WebApplicationContext
[2020-11-17 14:24:52.275] INFO [restartedMain] ServletWebServerApplicationContext.java:289 - Root WebApplicationContext: initialization completed in 1601 ms
[2020-11-17 14:24:52.558] INFO [restartedMain] ExecutorConfigurationSupport.java:181 - Initializing ExecutorService 'applicationTaskExecutor'
[2020-11-17 14:24:52.822] INFO [restartedMain] UserDetailsServiceAutoConfiguration.java:86 - 

Using generated security password: 8a1855ca-7708-4b1f-b2c4-06b456d686e0

[2020-11-17 14:24:52.988] INFO [restartedMain] DefaultSecurityFilterChain.java:51 - Will secure any request with [org.springframework.security.web.context.request.async.WebAsyncManagerIntegrationFilter@5bed916b, org.springframework.security.web.context.SecurityContextPersistenceFilter@14e90139, org.springframework.security.web.header.HeaderWriterFilter@5ce43400, org.springframework.security.web.csrf.CsrfFilter@32a8552, org.springframework.security.web.authentication.logout.LogoutFilter@244e6111, org.springframework.security.web.authentication.UsernamePasswordAuthenticationFilter@34c9c91e, org.springframework.security.web.authentication.ui.DefaultLoginPageGeneratingFilter@1d836b69, org.springframework.security.web.authentication.ui.DefaultLogoutPageGeneratingFilter@26e9a30c, org.springframework.security.web.authentication.www.BasicAuthenticationFilter@186bbddb, org.springframework.security.web.savedrequest.RequestCacheAwareFilter@50492166, org.springframework.security.web.servletapi.SecurityContextHolderAwareRequestFilter@78144cb0, org.springframework.security.web.authentication.AnonymousAuthenticationFilter@6329576f, org.springframework.security.web.session.SessionManagementFilter@74d538bb, org.springframework.security.web.access.ExceptionTranslationFilter@13c42396, org.springframework.security.web.access.intercept.FilterSecurityInterceptor@2b397ca7]
[2020-11-17 14:24:53.065] INFO [restartedMain] OptionalLiveReloadServer.java:58 - LiveReload server is running on port 35729
[2020-11-17 14:24:53.089] INFO [restartedMain] DirectJDKLog.java:173 - Starting ProtocolHandler ["http-nio-8080"]
[2020-11-17 14:24:53.127] INFO [restartedMain] TomcatWebServer.java:220 - Tomcat started on port(s): 8080 (http) with context path ''
[2020-11-17 14:24:53.156] INFO [restartedMain] StartupInfoLogger.java:61 - Started VolunteerApplication in 3.375 seconds (JVM running for 5.855)
[2020-11-17 14:25:55.843] INFO [http-nio-8080-exec-1] DirectJDKLog.java:173 - Initializing Spring DispatcherServlet 'dispatcherServlet'
[2020-11-17 14:25:55.844] INFO [http-nio-8080-exec-1] FrameworkServlet.java:525 - Initializing Servlet 'dispatcherServlet'
[2020-11-17 14:25:55.846] INFO [http-nio-8080-exec-1] FrameworkServlet.java:547 - Completed initialization in 2 ms
[2020-11-17 14:28:49.434] INFO [restartedMain] StartupInfoLogger.java:55 - Starting VolunteerApplication using Java 1.8.0_261 on DESKTOP-4EEKV8L with PID 21676 (E:\gitRepo\CodeBin\java\spring\volunteer_system\target\classes started by 20666 in E:\gitRepo\CodeBin\java\spring\volunteer_system)
[2020-11-17 14:28:49.442] INFO [restartedMain] SpringApplication.java:660 - No active profile set, falling back to default profiles: default
[2020-11-17 14:28:49.537] INFO [restartedMain] DeferredLog.java:255 - Devtools property defaults active! Set 'spring.devtools.add-properties' to 'false' to disable
[2020-11-17 14:28:49.538] INFO [restartedMain] DeferredLog.java:255 - For additional web related logging consider setting the 'logging.level.web' property to 'DEBUG'
[2020-11-17 14:28:51.083] INFO [restartedMain] TomcatWebServer.java:108 - Tomcat initialized with port(s): 8080 (http)
[2020-11-17 14:28:51.099] INFO [restartedMain] DirectJDKLog.java:173 - Initializing ProtocolHandler ["http-nio-8080"]
[2020-11-17 14:28:51.100] INFO [restartedMain] DirectJDKLog.java:173 - Starting service [Tomcat]
[2020-11-17 14:28:51.101] INFO [restartedMain] DirectJDKLog.java:173 - Starting Servlet engine: [Apache Tomcat/9.0.39]
[2020-11-17 14:28:51.218] INFO [restartedMain] DirectJDKLog.java:173 - Initializing Spring embedded WebApplicationContext
[2020-11-17 14:28:51.219] INFO [restartedMain] ServletWebServerApplicationContext.java:289 - Root WebApplicationContext: initialization completed in 1679 ms
[2020-11-17 14:28:51.516] INFO [restartedMain] ExecutorConfigurationSupport.java:181 - Initializing ExecutorService 'applicationTaskExecutor'
[2020-11-17 14:28:51.798] INFO [restartedMain] UserDetailsServiceAutoConfiguration.java:86 - 

Using generated security password: 3ea7faae-afdc-498a-a2f9-0aabb2e3e89d

[2020-11-17 14:28:51.987] INFO [restartedMain] DefaultSecurityFilterChain.java:51 - Will secure any request with [org.springframework.security.web.context.request.async.WebAsyncManagerIntegrationFilter@715bcd6c, org.springframework.security.web.context.SecurityContextPersistenceFilter@2b69d4c5, org.springframework.security.web.header.HeaderWriterFilter@33db07ec, org.springframework.security.web.csrf.CsrfFilter@156cfd8d, org.springframework.security.web.authentication.logout.LogoutFilter@6815aaa9, org.springframework.security.web.authentication.UsernamePasswordAuthenticationFilter@5ab425ab, org.springframework.security.web.authentication.ui.DefaultLoginPageGeneratingFilter@50d9cc10, org.springframework.security.web.authentication.ui.DefaultLogoutPageGeneratingFilter@532b743c, org.springframework.security.web.authentication.www.BasicAuthenticationFilter@4723c68e, org.springframework.security.web.savedrequest.RequestCacheAwareFilter@4a1abb2, org.springframework.security.web.servletapi.SecurityContextHolderAwareRequestFilter@34082ae5, org.springframework.security.web.authentication.AnonymousAuthenticationFilter@a65df61, org.springframework.security.web.session.SessionManagementFilter@51ecfd3e, org.springframework.security.web.access.ExceptionTranslationFilter@5d8b5a74, org.springframework.security.web.access.intercept.FilterSecurityInterceptor@61f6385c]
[2020-11-17 14:28:52.071] INFO [restartedMain] OptionalLiveReloadServer.java:58 - LiveReload server is running on port 35729
[2020-11-17 14:28:52.103] INFO [restartedMain] DirectJDKLog.java:173 - Starting ProtocolHandler ["http-nio-8080"]
[2020-11-17 14:28:52.134] INFO [restartedMain] TomcatWebServer.java:220 - Tomcat started on port(s): 8080 (http) with context path ''
[2020-11-17 14:28:52.155] INFO [restartedMain] StartupInfoLogger.java:61 - Started VolunteerApplication in 3.64 seconds (JVM running for 6.201)
[2020-11-17 14:29:06.090] INFO [http-nio-8080-exec-1] DirectJDKLog.java:173 - Initializing Spring DispatcherServlet 'dispatcherServlet'
[2020-11-17 14:29:06.091] INFO [http-nio-8080-exec-1] FrameworkServlet.java:525 - Initializing Servlet 'dispatcherServlet'
[2020-11-17 14:29:06.094] INFO [http-nio-8080-exec-1] FrameworkServlet.java:547 - Completed initialization in 3 ms
[2020-11-17 14:29:25.820] INFO [restartedMain] StartupInfoLogger.java:55 - Starting VolunteerApplication using Java 1.8.0_261 on DESKTOP-4EEKV8L with PID 23476 (E:\gitRepo\CodeBin\java\spring\volunteer_system\target\classes started by 20666 in E:\gitRepo\CodeBin\java\spring\volunteer_system)
[2020-11-17 14:29:25.827] INFO [restartedMain] SpringApplication.java:660 - No active profile set, falling back to default profiles: default
[2020-11-17 14:29:25.941] INFO [restartedMain] DeferredLog.java:255 - Devtools property defaults active! Set 'spring.devtools.add-properties' to 'false' to disable
[2020-11-17 14:29:25.942] INFO [restartedMain] DeferredLog.java:255 - For additional web related logging consider setting the 'logging.level.web' property to 'DEBUG'
[2020-11-17 14:29:27.569] INFO [restartedMain] TomcatWebServer.java:108 - Tomcat initialized with port(s): 8080 (http)
[2020-11-17 14:29:27.584] INFO [restartedMain] DirectJDKLog.java:173 - Initializing ProtocolHandler ["http-nio-8080"]
[2020-11-17 14:29:27.585] INFO [restartedMain] DirectJDKLog.java:173 - Starting service [Tomcat]
[2020-11-17 14:29:27.586] INFO [restartedMain] DirectJDKLog.java:173 - Starting Servlet engine: [Apache Tomcat/9.0.39]
[2020-11-17 14:29:27.703] INFO [restartedMain] DirectJDKLog.java:173 - Initializing Spring embedded WebApplicationContext
[2020-11-17 14:29:27.704] INFO [restartedMain] ServletWebServerApplicationContext.java:289 - Root WebApplicationContext: initialization completed in 1760 ms
[2020-11-17 14:29:28.008] INFO [restartedMain] ExecutorConfigurationSupport.java:181 - Initializing ExecutorService 'applicationTaskExecutor'
[2020-11-17 14:29:28.279] INFO [restartedMain] UserDetailsServiceAutoConfiguration.java:86 - 

Using generated security password: f0eeba37-62f6-4d74-b46c-3f8e5a92416b

[2020-11-17 14:29:28.467] INFO [restartedMain] DefaultSecurityFilterChain.java:51 - Will secure any request with [org.springframework.security.web.context.request.async.WebAsyncManagerIntegrationFilter@22c6f1ce, org.springframework.security.web.context.SecurityContextPersistenceFilter@7142db8a, org.springframework.security.web.header.HeaderWriterFilter@5c8c432a, org.springframework.security.web.csrf.CsrfFilter@23dda4d, org.springframework.security.web.authentication.logout.LogoutFilter@5783327c, org.springframework.security.web.authentication.UsernamePasswordAuthenticationFilter@4893dd00, org.springframework.security.web.authentication.ui.DefaultLoginPageGeneratingFilter@2868f2bf, org.springframework.security.web.authentication.ui.DefaultLogoutPageGeneratingFilter@3efd6b3f, org.springframework.security.web.authentication.www.BasicAuthenticationFilter@2b45667a, org.springframework.security.web.savedrequest.RequestCacheAwareFilter@33db07ec, org.springframework.security.web.servletapi.SecurityContextHolderAwareRequestFilter@3212a5c3, org.springframework.security.web.authentication.AnonymousAuthenticationFilter@3e0bbc2c, org.springframework.security.web.session.SessionManagementFilter@5d8b5a74, org.springframework.security.web.access.ExceptionTranslationFilter@16f492a5, org.springframework.security.web.access.intercept.FilterSecurityInterceptor@19b3f80e]
[2020-11-17 14:29:28.544] INFO [restartedMain] OptionalLiveReloadServer.java:58 - LiveReload server is running on port 35729
[2020-11-17 14:29:28.569] INFO [restartedMain] DirectJDKLog.java:173 - Starting ProtocolHandler ["http-nio-8080"]
[2020-11-17 14:29:28.602] INFO [restartedMain] TomcatWebServer.java:220 - Tomcat started on port(s): 8080 (http) with context path ''
[2020-11-17 14:29:28.621] INFO [restartedMain] StartupInfoLogger.java:61 - Started VolunteerApplication in 3.7 seconds (JVM running for 6.383)
[2020-11-17 14:32:18.216] INFO [http-nio-8080-exec-1] DirectJDKLog.java:173 - Initializing Spring DispatcherServlet 'dispatcherServlet'
[2020-11-17 14:32:18.216] INFO [http-nio-8080-exec-1] FrameworkServlet.java:525 - Initializing Servlet 'dispatcherServlet'
[2020-11-17 14:32:18.218] INFO [http-nio-8080-exec-1] FrameworkServlet.java:547 - Completed initialization in 1 ms
[2020-11-17 15:06:57.961] INFO [restartedMain] StartupInfoLogger.java:55 - Starting VolunteerApplication using Java 1.8.0_261 on DESKTOP-4EEKV8L with PID 5052 (E:\gitRepo\CodeBin\java\spring\volunteer_system\target\classes started by 20666 in E:\gitRepo\CodeBin\java\spring\volunteer_system)
[2020-11-17 15:06:57.966] INFO [restartedMain] SpringApplication.java:660 - No active profile set, falling back to default profiles: default
[2020-11-17 15:06:58.065] INFO [restartedMain] DeferredLog.java:255 - Devtools property defaults active! Set 'spring.devtools.add-properties' to 'false' to disable
[2020-11-17 15:06:58.066] INFO [restartedMain] DeferredLog.java:255 - For additional web related logging consider setting the 'logging.level.web' property to 'DEBUG'
[2020-11-17 15:06:59.726] INFO [restartedMain] TomcatWebServer.java:108 - Tomcat initialized with port(s): 8080 (http)
[2020-11-17 15:06:59.741] INFO [restartedMain] DirectJDKLog.java:173 - Initializing ProtocolHandler ["http-nio-8080"]
[2020-11-17 15:06:59.742] INFO [restartedMain] DirectJDKLog.java:173 - Starting service [Tomcat]
[2020-11-17 15:06:59.743] INFO [restartedMain] DirectJDKLog.java:173 - Starting Servlet engine: [Apache Tomcat/9.0.39]
[2020-11-17 15:06:59.874] INFO [restartedMain] DirectJDKLog.java:173 - Initializing Spring embedded WebApplicationContext
[2020-11-17 15:06:59.875] INFO [restartedMain] ServletWebServerApplicationContext.java:289 - Root WebApplicationContext: initialization completed in 1807 ms
[2020-11-17 15:07:00.175] INFO [restartedMain] ExecutorConfigurationSupport.java:181 - Initializing ExecutorService 'applicationTaskExecutor'
[2020-11-17 15:07:00.434] INFO [restartedMain] UserDetailsServiceAutoConfiguration.java:86 - 

Using generated security password: 2e05e573-f456-47c1-9f89-d0101c50d0ca

[2020-11-17 15:07:00.590] INFO [restartedMain] DefaultSecurityFilterChain.java:51 - Will secure any request with [org.springframework.security.web.context.request.async.WebAsyncManagerIntegrationFilter@7843ae84, org.springframework.security.web.context.SecurityContextPersistenceFilter@1f4150ec, org.springframework.security.web.header.HeaderWriterFilter@62c8115d, org.springframework.security.web.csrf.CsrfFilter@66d2e60c, org.springframework.security.web.authentication.logout.LogoutFilter@69921565, org.springframework.security.web.authentication.UsernamePasswordAuthenticationFilter@3ec0e2d7, org.springframework.security.web.authentication.ui.DefaultLoginPageGeneratingFilter@35f3c9bf, org.springframework.security.web.authentication.ui.DefaultLogoutPageGeneratingFilter@1db82a0f, org.springframework.security.web.authentication.www.BasicAuthenticationFilter@61d3aebc, org.springframework.security.web.savedrequest.RequestCacheAwareFilter@61951f4d, org.springframework.security.web.servletapi.SecurityContextHolderAwareRequestFilter@1a1eb2d0, org.springframework.security.web.authentication.AnonymousAuthenticationFilter@61e2c14a, org.springframework.security.web.session.SessionManagementFilter@727c1183, org.springframework.security.web.access.ExceptionTranslationFilter@5fe6b384, org.springframework.security.web.access.intercept.FilterSecurityInterceptor@141d9222]
[2020-11-17 15:07:00.665] INFO [restartedMain] OptionalLiveReloadServer.java:58 - LiveReload server is running on port 35729
[2020-11-17 15:07:00.692] INFO [restartedMain] DirectJDKLog.java:173 - Starting ProtocolHandler ["http-nio-8080"]
[2020-11-17 15:07:00.724] INFO [restartedMain] TomcatWebServer.java:220 - Tomcat started on port(s): 8080 (http) with context path ''
[2020-11-17 15:07:00.743] INFO [restartedMain] StartupInfoLogger.java:61 - Started VolunteerApplication in 3.594 seconds (JVM running for 6.357)
